<?xml version="1.0" encoding="UTF-8"?>
<!-- Generated by org.testng.reporters.JUnitXMLReporter -->
<testsuite ignored="0" hostname="MacBook-Air-Ruslan.local" failures="1" tests="34" name="Surefire test" time="452.729" errors="0" timestamp="2023-10-17T16:47:04 MSK">
  <testcase classname="runner.DashboardTest" name="testDashboardSheetsNames" time="33.438"/>
  <testcase classname="runner.DashboardTest" name="testDashboardSheetsNames" time="9.173"/>
  <testcase classname="runner.DashboardTest" name="testDashboardSheetsNames" time="4.955"/>
  <testcase classname="runner.DashboardTest" name="testDashboardSheetsNames" time="6.791"/>
  <testcase classname="runner.DashboardTest" name="testDashboardSheetsNames" time="6.368"/>
  <testcase classname="runner.DashboardTest" name="testDashboardSheetsNames" time="4.69"/>
  <testcase classname="runner.DashboardTest" name="testDashboardSheetsNames" time="7.143"/>
  <testcase classname="runner.DashboardTest" name="testOrangeLinkInFooter" time="38.907"/>
  <testcase classname="runner.DashboardTest" name="testQuestionIcon" time="16.937"/>
  <testcase classname="runner.DashboardTest" name="testSearchInSidebarMenu" time="8.649"/>
  <testcase classname="runner.DashboardTest" name="testSearchInSidebarMenu" time="11.902"/>
  <testcase classname="runner.DashboardTest" name="testSearchInSidebarMenu" time="11.477"/>
  <testcase classname="runner.DashboardTest" name="testTransitionToAdminPage" time="10.138"/>
  <testcase classname="runner.DashboardTest" name="testTransitionToBuzzPage" time="6.086"/>
  <testcase classname="runner.DashboardTest" name="testTransitionToClaimPage" time="8.066"/>
  <testcase classname="runner.DashboardTest" name="testTransitionToDashboardPage" time="8.791"/>
  <testcase classname="runner.DashboardTest" name="testTransitionToDirectoryPage" time="9.529"/>
  <testcase classname="runner.DashboardTest" name="testTransitionToLeavePage" time="6.138"/>
  <testcase classname="runner.DashboardTest" name="testTransitionToMaintenancePage" time="8.016"/>
  <testcase classname="runner.DashboardTest" name="testTransitionToMyInfoPage" time="8.147"/>
  <testcase classname="runner.DashboardTest" name="testTransitionToPIMpage" time="10.158"/>
  <testcase classname="runner.DashboardTest" name="testTransitionToPerformancePage" time="6.005"/>
  <testcase classname="runner.DashboardTest" name="testTransitionToRecruitmentPage" time="9.467"/>
  <testcase classname="runner.DashboardTest" name="testTransitionToTimePage" time="14.844"/>
  <testcase classname="runner.PimTest" name="testAddEmployee" time="45.421">
    <failure type="java.lang.AssertionError" message="expected [true] but found [false]">
      <![CDATA[java.lang.AssertionError: expected [true] but found [false]
at runner.PimTest.testAddEmployee(PimTest.java:25)
at java.base/java.util.ArrayList.forEach(ArrayList.java:1511)
... Removed 34 stack frames]]>
    </failure>
  </testcase> <!-- testAddEmployee -->
  <testcase classname="runner.LoginTest" name="testForgotYourPassword" time="11.048"/>
  <testcase classname="runner.LoginTest" name="testLoginWithInvalidPassword" time="5.102"/>
  <testcase classname="runner.LoginTest" name="testLoginWithInvalidUsername" time="2.572"/>
  <testcase classname="runner.LoginTest" name="testLoginWithValidCredentials" time="16.292"/>
  <testcase classname="runner.LoginTest" name="testLoginWithoutFillingInUserNameAndPasswordFields" time="1.265"/>
  <testcase classname="runner.LoginTest" name="testTransitionToFacebookPage" time="7.285"/>
  <testcase classname="runner.LoginTest" name="testTransitionToLinkedinPage" time="13.956"/>
  <testcase classname="runner.LoginTest" name="testTransitionToTwitterPage" time="1.777"/>
  <testcase classname="runner.LoginTest" name="testTransitionToYoutubePage" time="19.565"/>
</testsuite> <!-- Surefire test -->
