<?xml version="1.0" encoding="UTF-8"?>
<testsuite xmlns:xsi="http://www.w3.org/2001/XMLSchema-instance" xsi:noNamespaceSchemaLocation="https://maven.apache.org/surefire/maven-surefire-plugin/xsd/surefire-test-report-3.0.xsd" version="3.0" name="TestSuite" time="457.017" tests="34" errors="0" skipped="0" failures="1">
  <properties>
[...]
</properties>
  <testcase name="testDashboardSheetsNames[Time at Work](1)" classname="runner.DashboardTest" time="33.485">
    <system-out><![CDATA[init runner.DashboardTest@4d154ccd
openSite runner.DashboardTest@4d154ccd
]]></system-out>
  </testcase>
  <testcase name="testDashboardSheetsNames[My Actions](2)" classname="runner.DashboardTest" time="9.175">
    <system-out><![CDATA[openSite runner.DashboardTest@4d154ccd
]]></system-out>
  </testcase>
  <testcase name="testDashboardSheetsNames[Quick Launch](3)" classname="runner.DashboardTest" time="4.964">
    <system-out><![CDATA[openSite runner.DashboardTest@4d154ccd
]]></system-out>
  </testcase>
  <testcase name="testDashboardSheetsNames[Employee Distribution by Sub Unit](4)" classname="runner.DashboardTest" time="6.81">
    <system-out><![CDATA[openSite runner.DashboardTest@4d154ccd
]]></system-out>
  </testcase>
  <testcase name="testDashboardSheetsNames[Buzz Latest Posts](5)" classname="runner.DashboardTest" time="6.383">
    <system-out><![CDATA[openSite runner.DashboardTest@4d154ccd
]]></system-out>
  </testcase>
  <testcase name="testDashboardSheetsNames[Employees on Leave Today](6)" classname="runner.DashboardTest" time="4.7">
    <system-out><![CDATA[openSite runner.DashboardTest@4d154ccd
]]></system-out>
  </testcase>
  <testcase name="testDashboardSheetsNames[Employee Distribution by Location](7)" classname="runner.DashboardTest" time="7.147">
    <system-out><![CDATA[openSite runner.DashboardTest@4d154ccd
]]></system-out>
  </testcase>
  <testcase name="testOrangeLinkInFooter" classname="runner.DashboardTest" time="38.913">
    <system-out><![CDATA[openSite runner.DashboardTest@4d154ccd
]]></system-out>
  </testcase>
  <testcase name="testQuestionIcon" classname="runner.DashboardTest" time="16.94">
    <system-out><![CDATA[openSite runner.DashboardTest@4d154ccd
]]></system-out>
  </testcase>
  <testcase name="testSearchInSidebarMenu[a](1)" classname="runner.DashboardTest" time="8.659">
    <system-out><![CDATA[openSite runner.DashboardTest@4d154ccd
]]></system-out>
  </testcase>
  <testcase name="testSearchInSidebarMenu[m](2)" classname="runner.DashboardTest" time="11.905">
    <system-out><![CDATA[openSite runner.DashboardTest@4d154ccd
]]></system-out>
  </testcase>
  <testcase name="testSearchInSidebarMenu[o](3)" classname="runner.DashboardTest" time="11.483">
    <system-out><![CDATA[openSite runner.DashboardTest@4d154ccd
]]></system-out>
  </testcase>
  <testcase name="testTransitionToAdminPage" classname="runner.DashboardTest" time="10.146">
    <system-out><![CDATA[openSite runner.DashboardTest@4d154ccd
]]></system-out>
  </testcase>
  <testcase name="testTransitionToBuzzPage" classname="runner.DashboardTest" time="6.084">
    <system-out><![CDATA[openSite runner.DashboardTest@4d154ccd
]]></system-out>
  </testcase>
  <testcase name="testTransitionToClaimPage" classname="runner.DashboardTest" time="8.078">
    <system-out><![CDATA[openSite runner.DashboardTest@4d154ccd
]]></system-out>
  </testcase>
  <testcase name="testTransitionToDashboardPage" classname="runner.DashboardTest" time="8.794">
    <system-out><![CDATA[openSite runner.DashboardTest@4d154ccd
]]></system-out>
  </testcase>
  <testcase name="testTransitionToDirectoryPage" classname="runner.DashboardTest" time="9.531">
    <system-out><![CDATA[openSite runner.DashboardTest@4d154ccd
]]></system-out>
  </testcase>
  <testcase name="testTransitionToLeavePage" classname="runner.DashboardTest" time="6.138">
    <system-out><![CDATA[openSite runner.DashboardTest@4d154ccd
]]></system-out>
  </testcase>
  <testcase name="testTransitionToMaintenancePage" classname="runner.DashboardTest" time="8.018">
    <system-out><![CDATA[openSite runner.DashboardTest@4d154ccd
]]></system-out>
  </testcase>
  <testcase name="testTransitionToMyInfoPage" classname="runner.DashboardTest" time="8.15">
    <system-out><![CDATA[openSite runner.DashboardTest@4d154ccd
]]></system-out>
  </testcase>
  <testcase name="testTransitionToPIMpage" classname="runner.DashboardTest" time="10.162">
    <system-out><![CDATA[openSite runner.DashboardTest@4d154ccd
]]></system-out>
  </testcase>
  <testcase name="testTransitionToPerformancePage" classname="runner.DashboardTest" time="6.015">
    <system-out><![CDATA[openSite runner.DashboardTest@4d154ccd
]]></system-out>
  </testcase>
  <testcase name="testTransitionToRecruitmentPage" classname="runner.DashboardTest" time="9.476">
    <system-out><![CDATA[openSite runner.DashboardTest@4d154ccd
]]></system-out>
  </testcase>
  <testcase name="testTransitionToTimePage" classname="runner.DashboardTest" time="14.808">
    <system-out><![CDATA[openSite runner.DashboardTest@4d154ccd
]]></system-out>
  </testcase>
  <testcase name="testAddEmployee" classname="runner.PimTest" time="45.46">
    <failure message="expected [true] but found [false]" type="java.lang.AssertionError"><![CDATA[java.lang.AssertionError: expected [true] but found [false]
	at org.testng.Assert.fail(Assert.java:110)
	at org.testng.Assert.failNotEquals(Assert.java:1577)
	at org.testng.Assert.assertTrue(Assert.java:56)
	at org.testng.Assert.assertTrue(Assert.java:66)
	at runner.PimTest.testAddEmployee(PimTest.java:25)
	at java.base/jdk.internal.reflect.DirectMethodHandleAccessor.invoke(DirectMethodHandleAccessor.java:104)
	at java.base/java.lang.reflect.Method.invoke(Method.java:578)
	at org.testng.internal.invokers.MethodInvocationHelper.invokeMethod(MethodInvocationHelper.java:139)
	at org.testng.internal.invokers.TestInvoker.invokeMethod(TestInvoker.java:677)
	at org.testng.internal.invokers.TestInvoker.invokeTestMethod(TestInvoker.java:221)
	at org.testng.internal.invokers.MethodRunner.runInSequence(MethodRunner.java:50)
	at org.testng.internal.invokers.TestInvoker$MethodInvocationAgent.invoke(TestInvoker.java:969)
	at org.testng.internal.invokers.TestInvoker.invokeTestMethods(TestInvoker.java:194)
	at org.testng.internal.invokers.TestMethodWorker.invokeTestMethods(TestMethodWorker.java:148)
	at org.testng.internal.invokers.TestMethodWorker.run(TestMethodWorker.java:128)
	at java.base/java.util.ArrayList.forEach(ArrayList.java:1511)
	at org.testng.TestRunner.privateRun(TestRunner.java:829)
	at org.testng.TestRunner.run(TestRunner.java:602)
	at org.testng.SuiteRunner.runTest(SuiteRunner.java:437)
	at org.testng.SuiteRunner.runSequentially(SuiteRunner.java:431)
	at org.testng.SuiteRunner.privateRun(SuiteRunner.java:391)
	at org.testng.SuiteRunner.run(SuiteRunner.java:330)
	at org.testng.SuiteRunnerWorker.runSuite(SuiteRunnerWorker.java:52)
	at org.testng.SuiteRunnerWorker.run(SuiteRunnerWorker.java:95)
	at org.testng.TestNG.runSuitesSequentially(TestNG.java:1256)
	at org.testng.TestNG.runSuitesLocally(TestNG.java:1176)
	at org.testng.TestNG.runSuites(TestNG.java:1099)
	at org.testng.TestNG.run(TestNG.java:1067)
	at org.apache.maven.surefire.testng.TestNGExecutor.run(TestNGExecutor.java:155)
	at org.apache.maven.surefire.testng.TestNGDirectoryTestSuite.executeMulti(TestNGDirectoryTestSuite.java:169)
	at org.apache.maven.surefire.testng.TestNGDirectoryTestSuite.execute(TestNGDirectoryTestSuite.java:88)
	at org.apache.maven.surefire.testng.TestNGProvider.invoke(TestNGProvider.java:137)
	at org.apache.maven.surefire.booter.ForkedBooter.runSuitesInProcess(ForkedBooter.java:385)
	at org.apache.maven.surefire.booter.ForkedBooter.execute(ForkedBooter.java:162)
	at org.apache.maven.surefire.booter.ForkedBooter.run(ForkedBooter.java:507)
	at org.apache.maven.surefire.booter.ForkedBooter.main(ForkedBooter.java:495)
]]></failure>
    <system-out><![CDATA[closeDriver runner.DashboardTest@4d154ccd
init runner.PimTest@41a0aa7d
openSite runner.PimTest@41a0aa7d
Drew Mante

]]></system-out>
  </testcase>
  <testcase name="testForgotYourPassword" classname="runner.LoginTest" time="11.051">
    <system-out><![CDATA[closeDriver runner.PimTest@41a0aa7d
init runner.LoginTest@2794eab6
openSite runner.LoginTest@2794eab6
]]></system-out>
  </testcase>
  <testcase name="testLoginWithInvalidPassword" classname="runner.LoginTest" time="5.103">
    <system-out><![CDATA[openSite runner.LoginTest@2794eab6
]]></system-out>
  </testcase>
  <testcase name="testLoginWithInvalidUsername" classname="runner.LoginTest" time="2.574">
    <system-out><![CDATA[openSite runner.LoginTest@2794eab6
]]></system-out>
  </testcase>
  <testcase name="testLoginWithValidCredentials" classname="runner.LoginTest" time="16.299">
    <system-out><![CDATA[openSite runner.LoginTest@2794eab6
]]></system-out>
  </testcase>
  <testcase name="testLoginWithoutFillingInUserNameAndPasswordFields" classname="runner.LoginTest" time="1.267">
    <system-out><![CDATA[openSite runner.LoginTest@2794eab6
]]></system-out>
  </testcase>
  <testcase name="testTransitionToFacebookPage" classname="runner.LoginTest" time="7.295">
    <system-out><![CDATA[openSite runner.LoginTest@2794eab6
]]></system-out>
  </testcase>
  <testcase name="testTransitionToLinkedinPage" classname="runner.LoginTest" time="13.964">
    <system-out><![CDATA[openSite runner.LoginTest@2794eab6
]]></system-out>
  </testcase>
  <testcase name="testTransitionToTwitterPage" classname="runner.LoginTest" time="1.778">
    <system-out><![CDATA[openSite runner.LoginTest@2794eab6
]]></system-out>
  </testcase>
  <testcase name="testTransitionToYoutubePage" classname="runner.LoginTest" time="19.569">
    <system-out><![CDATA[openSite runner.LoginTest@2794eab6
]]></system-out>
  </testcase>
</testsuite>