<?xml version="1.0" encoding="UTF-8"?>
<testng-results ignored="0" total="36" passed="33" failed="3" skipped="0">
  <reporter-output>
  </reporter-output>
  <suite started-at="2023-10-27T15:01:16 MSK" name="All Test Suite" finished-at="2023-10-27T15:09:23 MSK" duration-ms="486433">
    <groups>
    </groups>
    <test started-at="2023-10-27T15:01:16 MSK" name="/Users/ruslanfursa/IdeaProjects/Orange" finished-at="2023-10-27T15:09:23 MSK" duration-ms="486433">
      <class name="runner.LoginTest">
        <test-method is-config="true" signature="init()[pri:0, instance:runner.LoginTest@d2de489]" started-at="2023-10-27T15:05:49 MSK" name="init" finished-at="2023-10-27T15:05:52 MSK" duration-ms="2705" status="PASS">
          <reporter-output>
          </reporter-output>
        </test-method> <!-- init -->
        <test-method is-config="true" signature="openSite()[pri:0, instance:runner.LoginTest@d2de489]" started-at="2023-10-27T15:05:52 MSK" name="openSite" finished-at="2023-10-27T15:05:57 MSK" duration-ms="4932" status="PASS">
          <reporter-output>
          </reporter-output>
        </test-method> <!-- openSite -->
        <test-method signature="testLoginWithValidCredentials()[pri:0, instance:runner.LoginTest@d2de489]" started-at="2023-10-27T15:05:57 MSK" name="testLoginWithValidCredentials" finished-at="2023-10-27T15:06:23 MSK" duration-ms="26554" status="PASS">
          <reporter-output>
          </reporter-output>
        </test-method> <!-- testLoginWithValidCredentials -->
        <test-method is-config="true" signature="openSite()[pri:0, instance:runner.LoginTest@d2de489]" started-at="2023-10-27T15:06:23 MSK" name="openSite" finished-at="2023-10-27T15:06:24 MSK" duration-ms="983" status="PASS">
          <reporter-output>
          </reporter-output>
        </test-method> <!-- openSite -->
        <test-method signature="testLoginWithInvalidUsername()[pri:0, instance:runner.LoginTest@d2de489]" started-at="2023-10-27T15:06:24 MSK" name="testLoginWithInvalidUsername" finished-at="2023-10-27T15:06:27 MSK" duration-ms="2572" status="PASS">
          <reporter-output>
          </reporter-output>
        </test-method> <!-- testLoginWithInvalidUsername -->
        <test-method is-config="true" signature="openSite()[pri:0, instance:runner.LoginTest@d2de489]" started-at="2023-10-27T15:06:27 MSK" name="openSite" finished-at="2023-10-27T15:06:27 MSK" duration-ms="408" status="PASS">
          <reporter-output>
          </reporter-output>
        </test-method> <!-- openSite -->
        <test-method signature="testLoginWithInvalidPassword()[pri:0, instance:runner.LoginTest@d2de489]" started-at="2023-10-27T15:06:27 MSK" name="testLoginWithInvalidPassword" finished-at="2023-10-27T15:06:30 MSK" duration-ms="2527" status="PASS">
          <reporter-output>
          </reporter-output>
        </test-method> <!-- testLoginWithInvalidPassword -->
        <test-method is-config="true" signature="openSite()[pri:0, instance:runner.LoginTest@d2de489]" started-at="2023-10-27T15:06:30 MSK" name="openSite" finished-at="2023-10-27T15:06:30 MSK" duration-ms="423" status="PASS">
          <reporter-output>
          </reporter-output>
        </test-method> <!-- openSite -->
        <test-method signature="testLoginWithoutFillingInUserNameAndPasswordFields()[pri:0, instance:runner.LoginTest@d2de489]" started-at="2023-10-27T15:06:30 MSK" name="testLoginWithoutFillingInUserNameAndPasswordFields" finished-at="2023-10-27T15:06:31 MSK" duration-ms="942" status="PASS">
          <reporter-output>
          </reporter-output>
        </test-method> <!-- testLoginWithoutFillingInUserNameAndPasswordFields -->
        <test-method is-config="true" signature="openSite()[pri:0, instance:runner.LoginTest@d2de489]" started-at="2023-10-27T15:06:31 MSK" name="openSite" finished-at="2023-10-27T15:06:32 MSK" duration-ms="394" status="PASS">
          <reporter-output>
          </reporter-output>
        </test-method> <!-- openSite -->
        <test-method signature="testForgotYourPassword()[pri:0, instance:runner.LoginTest@d2de489]" started-at="2023-10-27T15:06:32 MSK" name="testForgotYourPassword" finished-at="2023-10-27T15:06:34 MSK" duration-ms="2199" status="PASS">
          <reporter-output>
          </reporter-output>
        </test-method> <!-- testForgotYourPassword -->
        <test-method is-config="true" signature="openSite()[pri:0, instance:runner.LoginTest@d2de489]" started-at="2023-10-27T15:06:34 MSK" name="openSite" finished-at="2023-10-27T15:06:34 MSK" duration-ms="599" status="PASS">
          <reporter-output>
          </reporter-output>
        </test-method> <!-- openSite -->
        <test-method signature="testTransitionToLinkedinPage()[pri:0, instance:runner.LoginTest@d2de489]" started-at="2023-10-27T15:06:34 MSK" name="testTransitionToLinkedinPage" finished-at="2023-10-27T15:06:36 MSK" duration-ms="1763" status="PASS">
          <reporter-output>
          </reporter-output>
        </test-method> <!-- testTransitionToLinkedinPage -->
        <test-method is-config="true" signature="openSite()[pri:0, instance:runner.LoginTest@d2de489]" started-at="2023-10-27T15:06:36 MSK" name="openSite" finished-at="2023-10-27T15:06:37 MSK" duration-ms="400" status="PASS">
          <reporter-output>
          </reporter-output>
        </test-method> <!-- openSite -->
        <test-method signature="testTransitionToFacebookPage()[pri:0, instance:runner.LoginTest@d2de489]" started-at="2023-10-27T15:06:37 MSK" name="testTransitionToFacebookPage" finished-at="2023-10-27T15:06:38 MSK" duration-ms="1330" status="PASS">
          <reporter-output>
          </reporter-output>
        </test-method> <!-- testTransitionToFacebookPage -->
        <test-method is-config="true" signature="openSite()[pri:0, instance:runner.LoginTest@d2de489]" started-at="2023-10-27T15:06:38 MSK" name="openSite" finished-at="2023-10-27T15:06:38 MSK" duration-ms="352" status="PASS">
          <reporter-output>
          </reporter-output>
        </test-method> <!-- openSite -->
        <test-method signature="testTransitionToTwitterPage()[pri:0, instance:runner.LoginTest@d2de489]" started-at="2023-10-27T15:06:38 MSK" name="testTransitionToTwitterPage" finished-at="2023-10-27T15:06:39 MSK" duration-ms="1224" status="PASS">
          <reporter-output>
          </reporter-output>
        </test-method> <!-- testTransitionToTwitterPage -->
        <test-method is-config="true" signature="openSite()[pri:0, instance:runner.LoginTest@d2de489]" started-at="2023-10-27T15:06:39 MSK" name="openSite" finished-at="2023-10-27T15:06:40 MSK" duration-ms="380" status="PASS">
          <reporter-output>
          </reporter-output>
        </test-method> <!-- openSite -->
        <test-method signature="testTransitionToYoutubePage()[pri:0, instance:runner.LoginTest@d2de489]" started-at="2023-10-27T15:06:40 MSK" name="testTransitionToYoutubePage" finished-at="2023-10-27T15:07:00 MSK" duration-ms="20479" status="PASS">
          <reporter-output>
          </reporter-output>
        </test-method> <!-- testTransitionToYoutubePage -->
        <test-method is-config="true" signature="quitDriver()[pri:0, instance:runner.LoginTest@d2de489]" started-at="2023-10-27T15:07:00 MSK" name="quitDriver" finished-at="2023-10-27T15:07:00 MSK" duration-ms="108" status="PASS">
          <reporter-output>
          </reporter-output>
        </test-method> <!-- quitDriver -->
      </class> <!-- runner.LoginTest -->
      <class name="runner.DashboardTest">
        <test-method is-config="true" signature="init()[pri:0, instance:runner.DashboardTest@2d0399f4]" started-at="2023-10-27T15:01:16 MSK" name="init" finished-at="2023-10-27T15:01:21 MSK" duration-ms="4471" status="PASS">
          <reporter-output>
          </reporter-output>
        </test-method> <!-- init -->
        <test-method is-config="true" signature="openSite()[pri:0, instance:runner.DashboardTest@2d0399f4]" started-at="2023-10-27T15:01:21 MSK" name="openSite" finished-at="2023-10-27T15:01:25 MSK" duration-ms="4599" status="PASS">
          <reporter-output>
          </reporter-output>
        </test-method> <!-- openSite -->
        <test-method signature="testDashboardSheetsNames(java.lang.String)[pri:0, instance:runner.DashboardTest@2d0399f4]" started-at="2023-10-27T15:01:26 MSK" name="testDashboardSheetsNames" data-provider="expectedNames" finished-at="2023-10-27T15:01:56 MSK" duration-ms="30596" status="PASS">
          <params>
            <param index="0">
              <value>
                <![CDATA[Time at Work]]>
              </value>
            </param>
          </params>
          <reporter-output>
          </reporter-output>
        </test-method> <!-- testDashboardSheetsNames -->
        <test-method is-config="true" signature="openSite()[pri:0, instance:runner.DashboardTest@2d0399f4]" started-at="2023-10-27T15:01:56 MSK" name="openSite" finished-at="2023-10-27T15:01:58 MSK" duration-ms="1726" status="PASS">
          <reporter-output>
          </reporter-output>
        </test-method> <!-- openSite -->
        <test-method signature="testDashboardSheetsNames(java.lang.String)[pri:0, instance:runner.DashboardTest@2d0399f4]" started-at="2023-10-27T15:01:58 MSK" name="testDashboardSheetsNames" data-provider="expectedNames" finished-at="2023-10-27T15:02:07 MSK" duration-ms="9295" status="PASS">
          <params>
            <param index="0">
              <value>
                <![CDATA[My Actions]]>
              </value>
            </param>
          </params>
          <reporter-output>
          </reporter-output>
        </test-method> <!-- testDashboardSheetsNames -->
        <test-method is-config="true" signature="openSite()[pri:0, instance:runner.DashboardTest@2d0399f4]" started-at="2023-10-27T15:02:07 MSK" name="openSite" finished-at="2023-10-27T15:02:08 MSK" duration-ms="594" status="PASS">
          <reporter-output>
          </reporter-output>
        </test-method> <!-- openSite -->
        <test-method signature="testDashboardSheetsNames(java.lang.String)[pri:0, instance:runner.DashboardTest@2d0399f4]" started-at="2023-10-27T15:02:08 MSK" name="testDashboardSheetsNames" data-provider="expectedNames" finished-at="2023-10-27T15:02:14 MSK" duration-ms="5769" status="PASS">
          <params>
            <param index="0">
              <value>
                <![CDATA[Quick Launch]]>
              </value>
            </param>
          </params>
          <reporter-output>
          </reporter-output>
        </test-method> <!-- testDashboardSheetsNames -->
        <test-method is-config="true" signature="openSite()[pri:0, instance:runner.DashboardTest@2d0399f4]" started-at="2023-10-27T15:02:14 MSK" name="openSite" finished-at="2023-10-27T15:02:14 MSK" duration-ms="568" status="PASS">
          <reporter-output>
          </reporter-output>
        </test-method> <!-- openSite -->
        <test-method signature="testDashboardSheetsNames(java.lang.String)[pri:0, instance:runner.DashboardTest@2d0399f4]" started-at="2023-10-27T15:02:14 MSK" name="testDashboardSheetsNames" data-provider="expectedNames" finished-at="2023-10-27T15:02:21 MSK" duration-ms="6552" status="PASS">
          <params>
            <param index="0">
              <value>
                <![CDATA[Employee Distribution by Sub Unit]]>
              </value>
            </param>
          </params>
          <reporter-output>
          </reporter-output>
        </test-method> <!-- testDashboardSheetsNames -->
        <test-method is-config="true" signature="openSite()[pri:0, instance:runner.DashboardTest@2d0399f4]" started-at="2023-10-27T15:02:21 MSK" name="openSite" finished-at="2023-10-27T15:02:22 MSK" duration-ms="1416" status="PASS">
          <reporter-output>
          </reporter-output>
        </test-method> <!-- openSite -->
        <test-method signature="testDashboardSheetsNames(java.lang.String)[pri:0, instance:runner.DashboardTest@2d0399f4]" started-at="2023-10-27T15:02:22 MSK" name="testDashboardSheetsNames" data-provider="expectedNames" finished-at="2023-10-27T15:02:30 MSK" duration-ms="7384" status="PASS">
          <params>
            <param index="0">
              <value>
                <![CDATA[Buzz Latest Posts]]>
              </value>
            </param>
          </params>
          <reporter-output>
          </reporter-output>
        </test-method> <!-- testDashboardSheetsNames -->
        <test-method is-config="true" signature="openSite()[pri:0, instance:runner.DashboardTest@2d0399f4]" started-at="2023-10-27T15:02:30 MSK" name="openSite" finished-at="2023-10-27T15:02:30 MSK" duration-ms="598" status="PASS">
          <reporter-output>
          </reporter-output>
        </test-method> <!-- openSite -->
        <test-method signature="testDashboardSheetsNames(java.lang.String)[pri:0, instance:runner.DashboardTest@2d0399f4]" started-at="2023-10-27T15:02:30 MSK" name="testDashboardSheetsNames" data-provider="expectedNames" finished-at="2023-10-27T15:02:35 MSK" duration-ms="4238" status="PASS">
          <params>
            <param index="0">
              <value>
                <![CDATA[Employees on Leave Today]]>
              </value>
            </param>
          </params>
          <reporter-output>
          </reporter-output>
        </test-method> <!-- testDashboardSheetsNames -->
        <test-method is-config="true" signature="openSite()[pri:0, instance:runner.DashboardTest@2d0399f4]" started-at="2023-10-27T15:02:35 MSK" name="openSite" finished-at="2023-10-27T15:02:35 MSK" duration-ms="611" status="PASS">
          <reporter-output>
          </reporter-output>
        </test-method> <!-- openSite -->
        <test-method signature="testDashboardSheetsNames(java.lang.String)[pri:0, instance:runner.DashboardTest@2d0399f4]" started-at="2023-10-27T15:02:35 MSK" name="testDashboardSheetsNames" data-provider="expectedNames" finished-at="2023-10-27T15:02:40 MSK" duration-ms="4760" status="PASS">
          <params>
            <param index="0">
              <value>
                <![CDATA[Employee Distribution by Location]]>
              </value>
            </param>
          </params>
          <reporter-output>
          </reporter-output>
        </test-method> <!-- testDashboardSheetsNames -->
        <test-method is-config="true" signature="openSite()[pri:0, instance:runner.DashboardTest@2d0399f4]" started-at="2023-10-27T15:02:40 MSK" name="openSite" finished-at="2023-10-27T15:02:41 MSK" duration-ms="546" status="PASS">
          <reporter-output>
          </reporter-output>
        </test-method> <!-- openSite -->
        <test-method signature="testQuestionIcon()[pri:0, instance:runner.DashboardTest@2d0399f4]" started-at="2023-10-27T15:02:41 MSK" name="testQuestionIcon" finished-at="2023-10-27T15:02:47 MSK" duration-ms="6630" status="PASS">
          <reporter-output>
          </reporter-output>
        </test-method> <!-- testQuestionIcon -->
        <test-method is-config="true" signature="openSite()[pri:0, instance:runner.DashboardTest@2d0399f4]" started-at="2023-10-27T15:02:47 MSK" name="openSite" finished-at="2023-10-27T15:02:48 MSK" duration-ms="564" status="PASS">
          <reporter-output>
          </reporter-output>
        </test-method> <!-- openSite -->
        <test-method signature="testOrangeLinkInFooter()[pri:0, instance:runner.DashboardTest@2d0399f4]" started-at="2023-10-27T15:02:48 MSK" name="testOrangeLinkInFooter" finished-at="2023-10-27T15:03:20 MSK" duration-ms="32347" status="PASS">
          <reporter-output>
          </reporter-output>
        </test-method> <!-- testOrangeLinkInFooter -->
        <test-method is-config="true" signature="openSite()[pri:0, instance:runner.DashboardTest@2d0399f4]" started-at="2023-10-27T15:03:20 MSK" name="openSite" finished-at="2023-10-27T15:03:22 MSK" duration-ms="1566" status="PASS">
          <reporter-output>
          </reporter-output>
        </test-method> <!-- openSite -->
        <test-method signature="testSearchInSidebarMenu(java.lang.String)[pri:0, instance:runner.DashboardTest@2d0399f4]" started-at="2023-10-27T15:03:22 MSK" name="testSearchInSidebarMenu" data-provider="searchSymbols" finished-at="2023-10-27T15:03:31 MSK" duration-ms="9604" status="PASS">
          <params>
            <param index="0">
              <value>
                <![CDATA[a]]>
              </value>
            </param>
          </params>
          <reporter-output>
          </reporter-output>
        </test-method> <!-- testSearchInSidebarMenu -->
        <test-method is-config="true" signature="openSite()[pri:0, instance:runner.DashboardTest@2d0399f4]" started-at="2023-10-27T15:03:31 MSK" name="openSite" finished-at="2023-10-27T15:03:33 MSK" duration-ms="1634" status="PASS">
          <reporter-output>
          </reporter-output>
        </test-method> <!-- openSite -->
        <test-method signature="testSearchInSidebarMenu(java.lang.String)[pri:0, instance:runner.DashboardTest@2d0399f4]" started-at="2023-10-27T15:03:33 MSK" name="testSearchInSidebarMenu" data-provider="searchSymbols" finished-at="2023-10-27T15:03:40 MSK" duration-ms="7554" status="PASS">
          <params>
            <param index="0">
              <value>
                <![CDATA[m]]>
              </value>
            </param>
          </params>
          <reporter-output>
          </reporter-output>
        </test-method> <!-- testSearchInSidebarMenu -->
        <test-method is-config="true" signature="openSite()[pri:0, instance:runner.DashboardTest@2d0399f4]" started-at="2023-10-27T15:03:40 MSK" name="openSite" finished-at="2023-10-27T15:03:41 MSK" duration-ms="559" status="PASS">
          <reporter-output>
          </reporter-output>
        </test-method> <!-- openSite -->
        <test-method signature="testSearchInSidebarMenu(java.lang.String)[pri:0, instance:runner.DashboardTest@2d0399f4]" started-at="2023-10-27T15:03:41 MSK" name="testSearchInSidebarMenu" data-provider="searchSymbols" finished-at="2023-10-27T15:03:45 MSK" duration-ms="4444" status="PASS">
          <params>
            <param index="0">
              <value>
                <![CDATA[o]]>
              </value>
            </param>
          </params>
          <reporter-output>
          </reporter-output>
        </test-method> <!-- testSearchInSidebarMenu -->
        <test-method is-config="true" signature="openSite()[pri:0, instance:runner.DashboardTest@2d0399f4]" started-at="2023-10-27T15:03:45 MSK" name="openSite" finished-at="2023-10-27T15:03:46 MSK" duration-ms="593" status="PASS">
          <reporter-output>
          </reporter-output>
        </test-method> <!-- openSite -->
        <test-method signature="testTransitionToAdminPage()[pri:0, instance:runner.DashboardTest@2d0399f4]" started-at="2023-10-27T15:03:46 MSK" name="testTransitionToAdminPage" finished-at="2023-10-27T15:03:56 MSK" duration-ms="10269" status="PASS">
          <reporter-output>
          </reporter-output>
        </test-method> <!-- testTransitionToAdminPage -->
        <test-method is-config="true" signature="openSite()[pri:0, instance:runner.DashboardTest@2d0399f4]" started-at="2023-10-27T15:03:56 MSK" name="openSite" finished-at="2023-10-27T15:03:57 MSK" duration-ms="642" status="PASS">
          <reporter-output>
          </reporter-output>
        </test-method> <!-- openSite -->
        <test-method signature="testTransitionToPIMpage()[pri:0, instance:runner.DashboardTest@2d0399f4]" started-at="2023-10-27T15:03:57 MSK" name="testTransitionToPIMpage" finished-at="2023-10-27T15:04:09 MSK" duration-ms="11559" status="PASS">
          <reporter-output>
          </reporter-output>
        </test-method> <!-- testTransitionToPIMpage -->
        <test-method is-config="true" signature="openSite()[pri:0, instance:runner.DashboardTest@2d0399f4]" started-at="2023-10-27T15:04:09 MSK" name="openSite" finished-at="2023-10-27T15:04:10 MSK" duration-ms="1379" status="PASS">
          <reporter-output>
          </reporter-output>
        </test-method> <!-- openSite -->
        <test-method signature="testTransitionToLeavePage()[pri:0, instance:runner.DashboardTest@2d0399f4]" started-at="2023-10-27T15:04:10 MSK" name="testTransitionToLeavePage" finished-at="2023-10-27T15:04:20 MSK" duration-ms="10317" status="PASS">
          <reporter-output>
          </reporter-output>
        </test-method> <!-- testTransitionToLeavePage -->
        <test-method is-config="true" signature="openSite()[pri:0, instance:runner.DashboardTest@2d0399f4]" started-at="2023-10-27T15:04:20 MSK" name="openSite" finished-at="2023-10-27T15:04:21 MSK" duration-ms="909" status="PASS">
          <reporter-output>
          </reporter-output>
        </test-method> <!-- openSite -->
        <test-method signature="testTransitionToTimePage()[pri:0, instance:runner.DashboardTest@2d0399f4]" started-at="2023-10-27T15:04:21 MSK" name="testTransitionToTimePage" finished-at="2023-10-27T15:04:27 MSK" duration-ms="6292" status="PASS">
          <reporter-output>
          </reporter-output>
        </test-method> <!-- testTransitionToTimePage -->
        <test-method is-config="true" signature="openSite()[pri:0, instance:runner.DashboardTest@2d0399f4]" started-at="2023-10-27T15:04:27 MSK" name="openSite" finished-at="2023-10-27T15:04:28 MSK" duration-ms="728" status="PASS">
          <reporter-output>
          </reporter-output>
        </test-method> <!-- openSite -->
        <test-method signature="testTransitionToRecruitmentPage()[pri:0, instance:runner.DashboardTest@2d0399f4]" started-at="2023-10-27T15:04:28 MSK" name="testTransitionToRecruitmentPage" finished-at="2023-10-27T15:04:35 MSK" duration-ms="7099" status="PASS">
          <reporter-output>
          </reporter-output>
        </test-method> <!-- testTransitionToRecruitmentPage -->
        <test-method is-config="true" signature="openSite()[pri:0, instance:runner.DashboardTest@2d0399f4]" started-at="2023-10-27T15:04:35 MSK" name="openSite" finished-at="2023-10-27T15:04:36 MSK" duration-ms="919" status="PASS">
          <reporter-output>
          </reporter-output>
        </test-method> <!-- openSite -->
        <test-method signature="testTransitionToMyInfoPage()[pri:0, instance:runner.DashboardTest@2d0399f4]" started-at="2023-10-27T15:04:36 MSK" name="testTransitionToMyInfoPage" finished-at="2023-10-27T15:04:44 MSK" duration-ms="8169" status="PASS">
          <reporter-output>
          </reporter-output>
        </test-method> <!-- testTransitionToMyInfoPage -->
        <test-method is-config="true" signature="openSite()[pri:0, instance:runner.DashboardTest@2d0399f4]" started-at="2023-10-27T15:04:44 MSK" name="openSite" finished-at="2023-10-27T15:04:45 MSK" duration-ms="729" status="PASS">
          <reporter-output>
          </reporter-output>
        </test-method> <!-- openSite -->
        <test-method signature="testTransitionToPerformancePage()[pri:0, instance:runner.DashboardTest@2d0399f4]" started-at="2023-10-27T15:04:45 MSK" name="testTransitionToPerformancePage" finished-at="2023-10-27T15:04:52 MSK" duration-ms="7209" status="PASS">
          <reporter-output>
          </reporter-output>
        </test-method> <!-- testTransitionToPerformancePage -->
        <test-method is-config="true" signature="openSite()[pri:0, instance:runner.DashboardTest@2d0399f4]" started-at="2023-10-27T15:04:52 MSK" name="openSite" finished-at="2023-10-27T15:04:53 MSK" duration-ms="527" status="PASS">
          <reporter-output>
          </reporter-output>
        </test-method> <!-- openSite -->
        <test-method signature="testTransitionToDashboardPage()[pri:0, instance:runner.DashboardTest@2d0399f4]" started-at="2023-10-27T15:04:53 MSK" name="testTransitionToDashboardPage" finished-at="2023-10-27T15:05:06 MSK" duration-ms="12838" status="PASS">
          <reporter-output>
          </reporter-output>
        </test-method> <!-- testTransitionToDashboardPage -->
        <test-method is-config="true" signature="openSite()[pri:0, instance:runner.DashboardTest@2d0399f4]" started-at="2023-10-27T15:05:06 MSK" name="openSite" finished-at="2023-10-27T15:05:07 MSK" duration-ms="863" status="PASS">
          <reporter-output>
          </reporter-output>
        </test-method> <!-- openSite -->
        <test-method signature="testTransitionToDirectoryPage()[pri:0, instance:runner.DashboardTest@2d0399f4]" started-at="2023-10-27T15:05:07 MSK" name="testTransitionToDirectoryPage" finished-at="2023-10-27T15:05:14 MSK" duration-ms="7472" status="PASS">
          <reporter-output>
          </reporter-output>
        </test-method> <!-- testTransitionToDirectoryPage -->
        <test-method is-config="true" signature="openSite()[pri:0, instance:runner.DashboardTest@2d0399f4]" started-at="2023-10-27T15:05:14 MSK" name="openSite" finished-at="2023-10-27T15:05:15 MSK" duration-ms="623" status="PASS">
          <reporter-output>
          </reporter-output>
        </test-method> <!-- openSite -->
        <test-method signature="testTransitionToMaintenancePage()[pri:0, instance:runner.DashboardTest@2d0399f4]" started-at="2023-10-27T15:05:15 MSK" name="testTransitionToMaintenancePage" finished-at="2023-10-27T15:05:23 MSK" duration-ms="7995" status="PASS">
          <reporter-output>
          </reporter-output>
        </test-method> <!-- testTransitionToMaintenancePage -->
        <test-method is-config="true" signature="openSite()[pri:0, instance:runner.DashboardTest@2d0399f4]" started-at="2023-10-27T15:05:23 MSK" name="openSite" finished-at="2023-10-27T15:05:23 MSK" duration-ms="726" status="PASS">
          <reporter-output>
          </reporter-output>
        </test-method> <!-- openSite -->
        <test-method signature="testTransitionToClaimPage()[pri:0, instance:runner.DashboardTest@2d0399f4]" started-at="2023-10-27T15:05:23 MSK" name="testTransitionToClaimPage" finished-at="2023-10-27T15:05:34 MSK" duration-ms="10362" status="PASS">
          <reporter-output>
          </reporter-output>
        </test-method> <!-- testTransitionToClaimPage -->
        <test-method is-config="true" signature="openSite()[pri:0, instance:runner.DashboardTest@2d0399f4]" started-at="2023-10-27T15:05:34 MSK" name="openSite" finished-at="2023-10-27T15:05:36 MSK" duration-ms="1744" status="PASS">
          <reporter-output>
          </reporter-output>
        </test-method> <!-- openSite -->
        <test-method signature="testTransitionToBuzzPage()[pri:0, instance:runner.DashboardTest@2d0399f4]" started-at="2023-10-27T15:05:36 MSK" name="testTransitionToBuzzPage" finished-at="2023-10-27T15:05:49 MSK" duration-ms="13314" status="PASS">
          <reporter-output>
          </reporter-output>
        </test-method> <!-- testTransitionToBuzzPage -->
        <test-method is-config="true" signature="quitDriver()[pri:0, instance:runner.DashboardTest@2d0399f4]" started-at="2023-10-27T15:05:49 MSK" name="quitDriver" finished-at="2023-10-27T15:05:49 MSK" duration-ms="210" status="PASS">
          <reporter-output>
          </reporter-output>
        </test-method> <!-- quitDriver -->
      </class> <!-- runner.DashboardTest -->
      <class name="runner.LeaveTest">
        <test-method is-config="true" signature="init()[pri:0, instance:runner.LeaveTest@12591ac8]" started-at="2023-10-27T15:07:48 MSK" name="init" finished-at="2023-10-27T15:07:50 MSK" duration-ms="1778" status="PASS">
          <reporter-output>
          </reporter-output>
        </test-method> <!-- init -->
        <test-method is-config="true" signature="openSite()[pri:0, instance:runner.LeaveTest@12591ac8]" started-at="2023-10-27T15:07:50 MSK" name="openSite" finished-at="2023-10-27T15:07:54 MSK" duration-ms="4452" status="PASS">
          <reporter-output>
          </reporter-output>
        </test-method> <!-- openSite -->
        <test-method signature="testRenameHoliday()[pri:0, instance:runner.LeaveTest@12591ac8]" started-at="2023-10-27T15:07:54 MSK" name="testRenameHoliday" finished-at="2023-10-27T15:08:30 MSK" duration-ms="36161" status="FAIL">
          <exception class="org.openqa.selenium.TimeoutException">
            <message>
              <![CDATA[Expected condition failed: waiting for visibility of Proxy element for: DefaultElementLocator 'By.xpath: //span[text() = 'Configure ']' (tried for 10 second(s) with 500 milliseconds interval)]]>
            </message>
            <full-stacktrace>
              <![CDATA[org.openqa.selenium.TimeoutException: Expected condition failed: waiting for visibility of Proxy element for: DefaultElementLocator 'By.xpath: //span[text() = 'Configure ']' (tried for 10 second(s) with 500 milliseconds interval)
at org.openqa.selenium.support.ui.WebDriverWait.timeoutException(WebDriverWait.java:84)
at org.openqa.selenium.support.ui.FluentWait.until(FluentWait.java:230)
at model.page.LeavePage.clickConfigureTab(LeavePage.java:51)
at runner.LeaveTest.testRenameHoliday(LeaveTest.java:17)
at java.base/jdk.internal.reflect.DirectMethodHandleAccessor.invoke(DirectMethodHandleAccessor.java:104)
at java.base/java.lang.reflect.Method.invoke(Method.java:578)
at org.testng.internal.invokers.MethodInvocationHelper.invokeMethod(MethodInvocationHelper.java:139)
at org.testng.internal.invokers.TestInvoker.invokeMethod(TestInvoker.java:677)
at org.testng.internal.invokers.TestInvoker.invokeTestMethod(TestInvoker.java:221)
at org.testng.internal.invokers.MethodRunner.runInSequence(MethodRunner.java:50)
at org.testng.internal.invokers.TestInvoker$MethodInvocationAgent.invoke(TestInvoker.java:969)
at org.testng.internal.invokers.TestInvoker.invokeTestMethods(TestInvoker.java:194)
at org.testng.internal.invokers.TestMethodWorker.invokeTestMethods(TestMethodWorker.java:148)
at org.testng.internal.invokers.TestMethodWorker.run(TestMethodWorker.java:128)
at java.base/java.util.concurrent.ThreadPoolExecutor.runWorker(ThreadPoolExecutor.java:1144)
at java.base/java.util.concurrent.ThreadPoolExecutor$Worker.run(ThreadPoolExecutor.java:642)
at java.base/java.lang.Thread.run(Thread.java:1589)
Caused by: org.openqa.selenium.NoSuchElementException: no such element: Unable to locate element: {"method":"xpath","selector":"//span[text() = 'Configure ']"}
  (Session info: headless chrome=118.0.5993.117)
For documentation on this error, please visit: https://www.selenium.dev/documentation/webdriver/troubleshooting/errors#no-such-element-exception
Build info: version: '4.14.1', revision: '03f8ede370'
System info: os.name: 'Mac OS X', os.arch: 'x86_64', os.version: '14.0', java.version: '19.0.2'
Driver info: org.openqa.selenium.chrome.ChromeDriver
Command: [b87b99ccef4c4ec0897f309a10c32c90, findElement {using=xpath, value=//span[text() = 'Configure ']}]
Capabilities {acceptInsecureCerts: false, browserName: chrome, browserVersion: 118.0.5993.117, chrome: {chromedriverVersion: 118.0.5993.70 (e52f33f30b91..., userDataDir: /var/folders/_p/m636hhn95hb...}, fedcm:accounts: true, goog:chromeOptions: {debuggerAddress: localhost:52783}, networkConnectionEnabled: false, pageLoadStrategy: normal, platformName: mac, proxy: Proxy(), se:cdp: ws://localhost:52783/devtoo..., se:cdpVersion: 118.0.5993.117, setWindowRect: true, strictFileInteractability: false, timeouts: {implicit: 0, pageLoad: 300000, script: 30000}, unhandledPromptBehavior: dismiss and notify, webauthn:extension:credBlob: true, webauthn:extension:largeBlob: true, webauthn:extension:minPinLength: true, webauthn:extension:prf: true, webauthn:virtualAuthenticators: true}
Session ID: b87b99ccef4c4ec0897f309a10c32c90
at java.base/jdk.internal.reflect.DirectConstructorHandleAccessor.newInstance(DirectConstructorHandleAccessor.java:67)
at java.base/java.lang.reflect.Constructor.newInstanceWithCaller(Constructor.java:500)
at java.base/java.lang.reflect.Constructor.newInstance(Constructor.java:484)
at org.openqa.selenium.remote.codec.w3c.W3CHttpResponseCodec.createException(W3CHttpResponseCodec.java:200)
at org.openqa.selenium.remote.codec.w3c.W3CHttpResponseCodec.decode(W3CHttpResponseCodec.java:133)
at org.openqa.selenium.remote.codec.w3c.W3CHttpResponseCodec.decode(W3CHttpResponseCodec.java:52)
at org.openqa.selenium.remote.HttpCommandExecutor.execute(HttpCommandExecutor.java:191)
at org.openqa.selenium.remote.service.DriverCommandExecutor.invokeExecute(DriverCommandExecutor.java:200)
at org.openqa.selenium.remote.service.DriverCommandExecutor.execute(DriverCommandExecutor.java:175)
at org.openqa.selenium.remote.RemoteWebDriver.execute(RemoteWebDriver.java:602)
at org.openqa.selenium.remote.ElementLocation$ElementFinder$2.findElement(ElementLocation.java:165)
at org.openqa.selenium.remote.ElementLocation.findElement(ElementLocation.java:59)
at org.openqa.selenium.remote.RemoteWebDriver.findElement(RemoteWebDriver.java:359)
at org.openqa.selenium.remote.RemoteWebDriver.findElement(RemoteWebDriver.java:353)
at org.openqa.selenium.support.pagefactory.DefaultElementLocator.findElement(DefaultElementLocator.java:68)
at org.openqa.selenium.support.pagefactory.internal.LocatingElementHandler.invoke(LocatingElementHandler.java:38)
at jdk.proxy2/jdk.proxy2.$Proxy17.isDisplayed(Unknown Source)
at org.openqa.selenium.support.ui.ExpectedConditions.elementIfVisible(ExpectedConditions.java:304)
at org.openqa.selenium.support.ui.ExpectedConditions$10.apply(ExpectedConditions.java:290)
at org.openqa.selenium.support.ui.ExpectedConditions$10.apply(ExpectedConditions.java:287)
at org.openqa.selenium.support.ui.FluentWait.until(FluentWait.java:205)
... 15 more
]]>
            </full-stacktrace>
          </exception> <!-- org.openqa.selenium.TimeoutException -->
          <reporter-output>
          </reporter-output>
        </test-method> <!-- testRenameHoliday -->
        <test-method is-config="true" signature="quitDriver()[pri:0, instance:runner.LeaveTest@12591ac8]" started-at="2023-10-27T15:08:36 MSK" name="quitDriver" finished-at="2023-10-27T15:08:36 MSK" duration-ms="96" status="PASS">
          <reporter-output>
          </reporter-output>
        </test-method> <!-- quitDriver -->
      </class> <!-- runner.LeaveTest -->
      <class name="runner.PimTest">
        <test-method is-config="true" signature="init()[pri:0, instance:runner.PimTest@14bdbc74]" started-at="2023-10-27T15:07:00 MSK" name="init" finished-at="2023-10-27T15:07:02 MSK" duration-ms="1592" status="PASS">
          <reporter-output>
          </reporter-output>
        </test-method> <!-- init -->
        <test-method is-config="true" signature="openSite()[pri:0, instance:runner.PimTest@14bdbc74]" started-at="2023-10-27T15:07:02 MSK" name="openSite" finished-at="2023-10-27T15:07:06 MSK" duration-ms="3604" status="PASS">
          <reporter-output>
          </reporter-output>
        </test-method> <!-- openSite -->
        <test-method signature="testAddEmployee()[pri:0, instance:runner.PimTest@14bdbc74]" started-at="2023-10-27T15:07:06 MSK" name="testAddEmployee" finished-at="2023-10-27T15:07:42 MSK" duration-ms="36527" status="FAIL">
          <exception class="java.lang.AssertionError">
            <message>
              <![CDATA[expected [true] but found [false]]]>
            </message>
            <full-stacktrace>
              <![CDATA[java.lang.AssertionError: expected [true] but found [false]
at org.testng.Assert.fail(Assert.java:110)
at org.testng.Assert.failNotEquals(Assert.java:1577)
at org.testng.Assert.assertTrue(Assert.java:56)
at org.testng.Assert.assertTrue(Assert.java:66)
at runner.PimTest.testAddEmployee(PimTest.java:22)
at java.base/jdk.internal.reflect.DirectMethodHandleAccessor.invoke(DirectMethodHandleAccessor.java:104)
at java.base/java.lang.reflect.Method.invoke(Method.java:578)
at org.testng.internal.invokers.MethodInvocationHelper.invokeMethod(MethodInvocationHelper.java:139)
at org.testng.internal.invokers.TestInvoker.invokeMethod(TestInvoker.java:677)
at org.testng.internal.invokers.TestInvoker.invokeTestMethod(TestInvoker.java:221)
at org.testng.internal.invokers.MethodRunner.runInSequence(MethodRunner.java:50)
at org.testng.internal.invokers.TestInvoker$MethodInvocationAgent.invoke(TestInvoker.java:969)
at org.testng.internal.invokers.TestInvoker.invokeTestMethods(TestInvoker.java:194)
at org.testng.internal.invokers.TestMethodWorker.invokeTestMethods(TestMethodWorker.java:148)
at org.testng.internal.invokers.TestMethodWorker.run(TestMethodWorker.java:128)
at java.base/java.util.concurrent.ThreadPoolExecutor.runWorker(ThreadPoolExecutor.java:1144)
at java.base/java.util.concurrent.ThreadPoolExecutor$Worker.run(ThreadPoolExecutor.java:642)
at java.base/java.lang.Thread.run(Thread.java:1589)
]]>
            </full-stacktrace>
          </exception> <!-- java.lang.AssertionError -->
          <reporter-output>
          </reporter-output>
        </test-method> <!-- testAddEmployee -->
        <test-method is-config="true" signature="quitDriver()[pri:0, instance:runner.PimTest@14bdbc74]" started-at="2023-10-27T15:07:48 MSK" name="quitDriver" finished-at="2023-10-27T15:07:48 MSK" duration-ms="123" status="PASS">
          <reporter-output>
          </reporter-output>
        </test-method> <!-- quitDriver -->
      </class> <!-- runner.PimTest -->
      <class name="runner.TimeTest">
        <test-method is-config="true" signature="init()[pri:0, instance:runner.TimeTest@5a7fe64f]" started-at="2023-10-27T15:08:36 MSK" name="init" finished-at="2023-10-27T15:08:37 MSK" duration-ms="1566" status="PASS">
          <reporter-output>
          </reporter-output>
        </test-method> <!-- init -->
        <test-method is-config="true" signature="openSite()[pri:0, instance:runner.TimeTest@5a7fe64f]" started-at="2023-10-27T15:08:37 MSK" name="openSite" finished-at="2023-10-27T15:08:40 MSK" duration-ms="3148" status="PASS">
          <reporter-output>
          </reporter-output>
        </test-method> <!-- openSite -->
        <test-method signature="testToggles()[pri:0, instance:runner.TimeTest@5a7fe64f]" started-at="2023-10-27T15:08:40 MSK" name="testToggles" finished-at="2023-10-27T15:09:17 MSK" duration-ms="36963" status="FAIL">
          <exception class="java.lang.AssertionError">
            <message>
              <![CDATA[expected [true] but found [false]]]>
            </message>
            <full-stacktrace>
              <![CDATA[java.lang.AssertionError: expected [true] but found [false]
at org.testng.Assert.fail(Assert.java:110)
at org.testng.Assert.failNotEquals(Assert.java:1577)
at org.testng.Assert.assertTrue(Assert.java:56)
at org.testng.Assert.assertTrue(Assert.java:66)
at runner.TimeTest.testToggles(TimeTest.java:22)
at java.base/jdk.internal.reflect.DirectMethodHandleAccessor.invoke(DirectMethodHandleAccessor.java:104)
at java.base/java.lang.reflect.Method.invoke(Method.java:578)
at org.testng.internal.invokers.MethodInvocationHelper.invokeMethod(MethodInvocationHelper.java:139)
at org.testng.internal.invokers.TestInvoker.invokeMethod(TestInvoker.java:677)
at org.testng.internal.invokers.TestInvoker.invokeTestMethod(TestInvoker.java:221)
at org.testng.internal.invokers.MethodRunner.runInSequence(MethodRunner.java:50)
at org.testng.internal.invokers.TestInvoker$MethodInvocationAgent.invoke(TestInvoker.java:969)
at org.testng.internal.invokers.TestInvoker.invokeTestMethods(TestInvoker.java:194)
at org.testng.internal.invokers.TestMethodWorker.invokeTestMethods(TestMethodWorker.java:148)
at org.testng.internal.invokers.TestMethodWorker.run(TestMethodWorker.java:128)
at java.base/java.util.concurrent.ThreadPoolExecutor.runWorker(ThreadPoolExecutor.java:1144)
at java.base/java.util.concurrent.ThreadPoolExecutor$Worker.run(ThreadPoolExecutor.java:642)
at java.base/java.lang.Thread.run(Thread.java:1589)
]]>
            </full-stacktrace>
          </exception> <!-- java.lang.AssertionError -->
          <reporter-output>
          </reporter-output>
        </test-method> <!-- testToggles -->
        <test-method is-config="true" signature="quitDriver()[pri:0, instance:runner.TimeTest@5a7fe64f]" started-at="2023-10-27T15:09:23 MSK" name="quitDriver" finished-at="2023-10-27T15:09:23 MSK" duration-ms="109" status="PASS">
          <reporter-output>
          </reporter-output>
        </test-method> <!-- quitDriver -->
      </class> <!-- runner.TimeTest -->
    </test> <!-- /Users/ruslanfursa/IdeaProjects/Orange -->
  </suite> <!-- All Test Suite -->
</testng-results>
