<?xml version="1.0" encoding="UTF-8"?>
<testsuite xmlns:xsi="http://www.w3.org/2001/XMLSchema-instance" xsi:noNamespaceSchemaLocation="https://maven.apache.org/surefire/maven-surefire-plugin/xsd/surefire-test-report-3.0.xsd" version="3.0" name="TestSuite" time="344.733" tests="35" errors="0" skipped="0" failures="3">
  <properties>
[...]
</properties>
  <testcase name="testAddEmployee" classname="runner.PimTest" time="6.603">
    <failure message="Expected condition failed: waiting for visibility of Proxy element for: DefaultElementLocator &apos;By.xpath: //input[@name = &apos;username&apos;]&apos; (tried for 10 second(s) with 500 milliseconds interval)" type="org.openqa.selenium.TimeoutException"><![CDATA[org.openqa.selenium.TimeoutException: Expected condition failed: waiting for visibility of Proxy element for: DefaultElementLocator 'By.xpath: //input[@name = 'username']' (tried for 10 second(s) with 500 milliseconds interval)
	at org.openqa.selenium.support.ui.WebDriverWait.timeoutException(WebDriverWait.java:84)
	at org.openqa.selenium.support.ui.FluentWait.until(FluentWait.java:230)
	at model.page.LoginPage.fillInValidUserName(LoginPage.java:53)
	at model.page.LoginPage.login(LoginPage.java:131)
	at runner.PimTest.testAddEmployee(PimTest.java:15)
	at java.base/jdk.internal.reflect.DirectMethodHandleAccessor.invoke(DirectMethodHandleAccessor.java:104)
	at java.base/java.lang.reflect.Method.invoke(Method.java:578)
	at org.testng.internal.invokers.MethodInvocationHelper.invokeMethod(MethodInvocationHelper.java:139)
	at org.testng.internal.invokers.TestInvoker.invokeMethod(TestInvoker.java:677)
	at org.testng.internal.invokers.TestInvoker.invokeTestMethod(TestInvoker.java:221)
	at org.testng.internal.invokers.MethodRunner.runInSequence(MethodRunner.java:50)
	at org.testng.internal.invokers.TestInvoker$MethodInvocationAgent.invoke(TestInvoker.java:969)
	at org.testng.internal.invokers.TestInvoker.invokeTestMethods(TestInvoker.java:194)
	at org.testng.internal.invokers.TestMethodWorker.invokeTestMethods(TestMethodWorker.java:148)
	at org.testng.internal.invokers.TestMethodWorker.run(TestMethodWorker.java:128)
	at java.base/java.util.concurrent.ThreadPoolExecutor.runWorker(ThreadPoolExecutor.java:1144)
	at java.base/java.util.concurrent.ThreadPoolExecutor$Worker.run(ThreadPoolExecutor.java:642)
	at java.base/java.lang.Thread.run(Thread.java:1589)
Caused by: org.openqa.selenium.NoSuchElementException: no such element: Unable to locate element: {"method":"xpath","selector":"//input[@name = 'username']"}
  (Session info: headless chrome=118.0.5993.70)
For documentation on this error, please visit: https://www.selenium.dev/documentation/webdriver/troubleshooting/errors#no-such-element-exception
Build info: version: '4.14.1', revision: '03f8ede370'
System info: os.name: 'Mac OS X', os.arch: 'x86_64', os.version: '14.0', java.version: '19.0.2'
Driver info: org.openqa.selenium.chrome.ChromeDriver
Command: [5c554ad71dfb5cc2525d162dd9ea0e23, findElement {using=xpath, value=//input[@name = 'username']}]
Capabilities {acceptInsecureCerts: false, browserName: chrome, browserVersion: 118.0.5993.70, chrome: {chromedriverVersion: 118.0.5993.70 (e52f33f30b91..., userDataDir: /var/folders/_p/m636hhn95hb...}, fedcm:accounts: true, goog:chromeOptions: {debuggerAddress: localhost:50703}, networkConnectionEnabled: false, pageLoadStrategy: normal, platformName: mac, proxy: Proxy(), se:cdp: ws://localhost:50703/devtoo..., se:cdpVersion: 118.0.5993.70, setWindowRect: true, strictFileInteractability: false, timeouts: {implicit: 0, pageLoad: 300000, script: 30000}, unhandledPromptBehavior: dismiss and notify, webauthn:extension:credBlob: true, webauthn:extension:largeBlob: true, webauthn:extension:minPinLength: true, webauthn:extension:prf: true, webauthn:virtualAuthenticators: true}
Session ID: 5c554ad71dfb5cc2525d162dd9ea0e23
	at java.base/jdk.internal.reflect.DirectConstructorHandleAccessor.newInstance(DirectConstructorHandleAccessor.java:67)
	at java.base/java.lang.reflect.Constructor.newInstanceWithCaller(Constructor.java:500)
	at java.base/java.lang.reflect.Constructor.newInstance(Constructor.java:484)
	at org.openqa.selenium.remote.codec.w3c.W3CHttpResponseCodec.createException(W3CHttpResponseCodec.java:200)
	at org.openqa.selenium.remote.codec.w3c.W3CHttpResponseCodec.decode(W3CHttpResponseCodec.java:133)
	at org.openqa.selenium.remote.codec.w3c.W3CHttpResponseCodec.decode(W3CHttpResponseCodec.java:52)
	at org.openqa.selenium.remote.HttpCommandExecutor.execute(HttpCommandExecutor.java:191)
	at org.openqa.selenium.remote.service.DriverCommandExecutor.invokeExecute(DriverCommandExecutor.java:200)
	at org.openqa.selenium.remote.service.DriverCommandExecutor.execute(DriverCommandExecutor.java:175)
	at org.openqa.selenium.remote.RemoteWebDriver.execute(RemoteWebDriver.java:602)
	at org.openqa.selenium.remote.ElementLocation$ElementFinder$2.findElement(ElementLocation.java:165)
	at org.openqa.selenium.remote.ElementLocation.findElement(ElementLocation.java:59)
	at org.openqa.selenium.remote.RemoteWebDriver.findElement(RemoteWebDriver.java:359)
	at org.openqa.selenium.remote.RemoteWebDriver.findElement(RemoteWebDriver.java:353)
	at org.openqa.selenium.support.pagefactory.DefaultElementLocator.findElement(DefaultElementLocator.java:68)
	at org.openqa.selenium.support.pagefactory.internal.LocatingElementHandler.invoke(LocatingElementHandler.java:38)
	at jdk.proxy2/jdk.proxy2.$Proxy16.isDisplayed(Unknown Source)
	at org.openqa.selenium.support.ui.ExpectedConditions.elementIfVisible(ExpectedConditions.java:304)
	at org.openqa.selenium.support.ui.ExpectedConditions$10.apply(ExpectedConditions.java:290)
	at org.openqa.selenium.support.ui.ExpectedConditions$10.apply(ExpectedConditions.java:287)
	at org.openqa.selenium.support.ui.FluentWait.until(FluentWait.java:205)
	... 16 more
]]></failure>
    <system-out><![CDATA[0    [main] DEBUG org.testng.TestNG  - suiteXmlPath: "/Users/ruslanfursa/IdeaProjects/Orange/src/test/resources/testng.xml"
938  [main] INFO  org.testng.internal.Utils  - [Utils] MethodGroupsHelper.collectMethodsByGroup() took 0 ms.
943  [main] INFO  org.testng.internal.Utils  - [Utils] MethodGroupsHelper.sortMethods() took 1 ms.
945  [main] INFO  org.testng.internal.Utils  - [Utils] MethodGroupsHelper.collectMethodsByGroup() took 0 ms.
946  [main] INFO  org.testng.internal.Utils  - [Utils] MethodGroupsHelper.sortMethods() took 0 ms.
946  [main] INFO  org.testng.internal.Utils  - [Utils] MethodGroupsHelper.collectMethodsByGroup() took 0 ms.
947  [main] INFO  org.testng.internal.Utils  - [Utils] MethodGroupsHelper.sortMethods() took 0 ms.
948  [main] INFO  org.testng.internal.Utils  - [Utils] MethodGroupsHelper.collectMethodsByGroup() took 0 ms.
948  [main] INFO  org.testng.internal.Utils  - [Utils] MethodGroupsHelper.sortMethods() took 0 ms.
959  [main] INFO  org.testng.internal.Utils  - [Utils] MethodGroupsHelper.collectMethodsByGroup() took 4 ms.
980  [main] INFO  org.testng.internal.Utils  - [Utils] MethodGroupsHelper.sortMethods() took 20 ms.
982  [main] INFO  org.testng.internal.Utils  - [Utils] MethodGroupsHelper.collectMethodsByGroup() took 0 ms.
983  [main] INFO  org.testng.internal.Utils  - [Utils] MethodGroupsHelper.sortMethods() took 0 ms.
984  [main] INFO  org.testng.internal.Utils  - [Utils] MethodGroupsHelper.collectMethodsByGroup() took 0 ms.
985  [main] INFO  org.testng.internal.Utils  - [Utils] MethodGroupsHelper.sortMethods() took 0 ms.
986  [main] INFO  org.testng.internal.Utils  - [Utils] MethodGroupsHelper.collectMethodsByGroup() took 0 ms.
986  [main] INFO  org.testng.internal.Utils  - [Utils] MethodGroupsHelper.sortMethods() took 0 ms.
993  [main] INFO  org.testng.internal.Utils  - [Utils] MethodGroupsHelper.collectMethodsByGroup() took 0 ms.
999  [main] INFO  org.testng.internal.Utils  - [Utils] MethodGroupsHelper.sortMethods() took 5 ms.
1003 [main] INFO  org.testng.internal.Utils  - [Utils] MethodGroupsHelper.collectMethodsByGroup() took 0 ms.
1004 [main] INFO  org.testng.internal.Utils  - [Utils] MethodGroupsHelper.sortMethods() took 0 ms.
1021 [main] INFO  org.testng.internal.Utils  - [Utils] MethodGroupsHelper.collectMethodsByGroup() took 0 ms.
1022 [main] INFO  org.testng.internal.Utils  - [Utils] MethodGroupsHelper.sortMethods() took 0 ms.
1022 [main] INFO  org.testng.internal.Utils  - [Utils] MethodGroupsHelper.collectMethodsByGroup() took 0 ms.
1022 [main] INFO  org.testng.internal.Utils  - [Utils] MethodGroupsHelper.sortMethods() took 0 ms.
1023 [main] INFO  org.testng.internal.Utils  - [Utils] MethodGroupsHelper.collectMethodsByGroup() took 0 ms.
1023 [main] INFO  org.testng.internal.Utils  - [Utils] MethodGroupsHelper.sortMethods() took 0 ms.
1025 [main] INFO  org.testng.internal.Utils  - [Utils] MethodGroupsHelper.collectMethodsByGroup() took 0 ms.
1025 [main] INFO  org.testng.internal.Utils  - [Utils] MethodGroupsHelper.sortMethods() took 0 ms.
1026 [main] INFO  org.testng.internal.Utils  - [Utils] MethodGroupsHelper.collectMethodsByGroup() took 0 ms.
1027 [main] INFO  org.testng.internal.Utils  - [Utils] MethodGroupsHelper.sortMethods() took 0 ms.
1028 [main] INFO  org.testng.internal.Utils  - [Utils] MethodGroupsHelper.collectMethodsByGroup() took 0 ms.
1028 [main] INFO  org.testng.internal.Utils  - [Utils] MethodGroupsHelper.sortMethods() took 0 ms.
1029 [main] INFO  org.testng.internal.Utils  - [Utils] MethodGroupsHelper.collectMethodsByGroup() took 0 ms.
1029 [main] INFO  org.testng.internal.Utils  - [Utils] MethodGroupsHelper.sortMethods() took 0 ms.
1030 [main] INFO  org.testng.internal.Utils  - [Utils] MethodGroupsHelper.collectMethodsByGroup() took 0 ms.
1030 [main] INFO  org.testng.internal.Utils  - [Utils] MethodGroupsHelper.sortMethods() took 0 ms.
1030 [main] INFO  org.testng.internal.Utils  - [Utils] MethodGroupsHelper.collectMethodsByGroup() took 0 ms.
1031 [main] INFO  org.testng.internal.Utils  - [Utils] MethodGroupsHelper.sortMethods() took 0 ms.
1031 [main] INFO  org.testng.internal.Utils  - [Utils] MethodGroupsHelper.collectMethodsByGroup() took 0 ms.
1031 [main] INFO  org.testng.internal.Utils  - [Utils] MethodGroupsHelper.sortMethods() took 0 ms.
1042 [main] INFO  org.testng.internal.Utils  - [Utils] MethodGroupsHelper.collectMethodsByGroup() took 0 ms.
1042 [main] INFO  org.testng.internal.Utils  - [Utils] MethodGroupsHelper.sortMethods() took 0 ms.
1043 [main] INFO  org.testng.internal.Utils  - [Utils] MethodGroupsHelper.collectMethodsByGroup() took 0 ms.
1043 [main] INFO  org.testng.internal.Utils  - [Utils] MethodGroupsHelper.sortMethods() took 0 ms.
1043 [main] INFO  org.testng.internal.Utils  - [Utils] MethodGroupsHelper.collectMethodsByGroup() took 0 ms.
1045 [main] INFO  org.testng.internal.Utils  - [Utils] MethodGroupsHelper.sortMethods() took 0 ms.
1046 [main] INFO  org.testng.internal.Utils  - [Utils] MethodGroupsHelper.collectMethodsByGroup() took 0 ms.
1047 [main] INFO  org.testng.internal.Utils  - [Utils] MethodGroupsHelper.sortMethods() took 0 ms.
1048 [main] INFO  org.testng.internal.Utils  - [Utils] MethodGroupsHelper.collectMethodsByGroup() took 0 ms.
1049 [main] INFO  org.testng.internal.Utils  - [Utils] MethodGroupsHelper.sortMethods() took 0 ms.
1052 [main] INFO  org.testng.internal.Utils  - [Utils] MethodGroupsHelper.collectMethodsByGroup() took 0 ms.
1053 [main] INFO  org.testng.internal.Utils  - [Utils] MethodGroupsHelper.sortMethods() took 1 ms.
1054 [main] INFO  org.testng.internal.Utils  - [Utils] MethodGroupsHelper.collectMethodsByGroup() took 0 ms.
1054 [main] INFO  org.testng.internal.Utils  - [Utils] MethodGroupsHelper.sortMethods() took 0 ms.
1055 [main] INFO  org.testng.internal.Utils  - [Utils] MethodGroupsHelper.collectMethodsByGroup() took 0 ms.
1055 [main] INFO  org.testng.internal.Utils  - [Utils] MethodGroupsHelper.sortMethods() took 0 ms.
1057 [main] INFO  org.testng.internal.Utils  - [Utils] MethodGroupsHelper.collectMethodsByGroup() took 0 ms.
1057 [main] INFO  org.testng.internal.Utils  - [Utils] MethodGroupsHelper.sortMethods() took 0 ms.
1058 [main] INFO  org.testng.internal.Utils  - [Utils] MethodGroupsHelper.collectMethodsByGroup() took 0 ms.
1058 [main] INFO  org.testng.internal.Utils  - [Utils] MethodGroupsHelper.sortMethods() took 0 ms.
1062 [main] INFO  org.testng.internal.Utils  - [Utils] MethodGroupsHelper.collectMethodsByGroup() took 0 ms.
1063 [main] INFO  org.testng.internal.Utils  - [Utils] MethodGroupsHelper.sortMethods() took 0 ms.
1063 [main] INFO  org.testng.internal.Utils  - [Utils] MethodGroupsHelper.collectMethodsByGroup() took 0 ms.
1063 [main] INFO  org.testng.internal.Utils  - [Utils] MethodGroupsHelper.sortMethods() took 0 ms.
1064 [main] INFO  org.testng.internal.Utils  - [Utils] MethodGroupsHelper.collectMethodsByGroup() took 0 ms.
1064 [main] INFO  org.testng.internal.Utils  - [Utils] MethodGroupsHelper.sortMethods() took 0 ms.
1065 [main] INFO  org.testng.internal.Utils  - [Utils] MethodGroupsHelper.collectMethodsByGroup() took 0 ms.
1065 [main] INFO  org.testng.internal.Utils  - [Utils] MethodGroupsHelper.sortMethods() took 0 ms.
1065 [main] INFO  org.testng.internal.Utils  - [Utils] MethodGroupsHelper.collectMethodsByGroup() took 0 ms.
1066 [main] INFO  org.testng.internal.Utils  - [Utils] MethodGroupsHelper.sortMethods() took 0 ms.
1068 [main] INFO  org.testng.internal.Utils  - [Utils] MethodGroupsHelper.collectMethodsByGroup() took 0 ms.
1069 [main] INFO  org.testng.internal.Utils  - [Utils] MethodGroupsHelper.sortMethods() took 0 ms.
1070 [main] INFO  org.testng.internal.Utils  - [Utils] MethodGroupsHelper.collectMethodsByGroup() took 0 ms.
1071 [main] INFO  org.testng.internal.Utils  - [Utils] MethodGroupsHelper.sortMethods() took 0 ms.
1071 [main] INFO  org.testng.internal.Utils  - [Utils] MethodGroupsHelper.collectMethodsByGroup() took 0 ms.
1071 [main] INFO  org.testng.internal.Utils  - [Utils] MethodGroupsHelper.sortMethods() took 0 ms.
1071 [main] INFO  org.testng.internal.Utils  - [Utils] MethodGroupsHelper.collectMethodsByGroup() took 0 ms.
1072 [main] INFO  org.testng.internal.Utils  - [Utils] MethodGroupsHelper.sortMethods() took 0 ms.
1072 [main] INFO  org.testng.internal.Utils  - [Utils] MethodGroupsHelper.collectMethodsByGroup() took 0 ms.
1072 [main] INFO  org.testng.internal.Utils  - [Utils] MethodGroupsHelper.sortMethods() took 0 ms.
1077 [main] INFO  org.testng.internal.Utils  - [Utils] MethodGroupsHelper.collectMethodsByGroup() took 0 ms.
1079 [main] INFO  org.testng.internal.Utils  - [Utils] MethodGroupsHelper.sortMethods() took 0 ms.
1079 [main] INFO  org.testng.internal.Utils  - [Utils] MethodGroupsHelper.collectMethodsByGroup() took 0 ms.
1080 [main] INFO  org.testng.internal.Utils  - [Utils] MethodGroupsHelper.sortMethods() took 0 ms.
1084 [main] INFO  org.testng.internal.Utils  - [Utils] MethodGroupsHelper.collectMethodsByGroup() took 2 ms.
1092 [main] INFO  org.testng.internal.Utils  - [Utils] MethodGroupsHelper.sortMethods() took 8 ms.
1095 [main] INFO  org.testng.internal.Utils  - [Utils] MethodGroupsHelper.collectMethodsByGroup() took 0 ms.
1095 [main] INFO  org.testng.internal.Utils  - [Utils] MethodGroupsHelper.sortMethods() took 0 ms.
1095 [main] INFO  org.testng.internal.Utils  - [Utils] MethodGroupsHelper.collectMethodsByGroup() took 0 ms.
1095 [main] INFO  org.testng.internal.Utils  - [Utils] MethodGroupsHelper.sortMethods() took 0 ms.
1177 [main] INFO  org.testng.internal.Utils  - [Utils] DynamicGraphHelper.createDynamicGraph() took 3 ms.
1192 [main] INFO  org.testng.internal.Utils  - [TestRunner] Starting executor for test /Users/ruslanfursa/IdeaProjects/Orange with time out:2147483647 milliseconds.
runner.LeaveTest@55c53a33init
runner.PimTest@544d57einit
runner.LoginTest@1787bc24init
runner.DashboardTest@4e07b95finit
runner.PimTest@544d57eopenSite
runner.LoginTest@1787bc24openSite
runner.LeaveTest@55c53a33openSite
runner.DashboardTest@4e07b95fopenSite
]]></system-out>
  </testcase>
  <testcase name="testLoginWithValidCredentials" classname="runner.LoginTest" time="8.248">
    <failure message="Expected condition failed: waiting for visibility of Proxy element for: DefaultElementLocator &apos;By.xpath: //input[@name = &apos;username&apos;]&apos; (tried for 10 second(s) with 500 milliseconds interval)" type="org.openqa.selenium.TimeoutException"><![CDATA[org.openqa.selenium.TimeoutException: Expected condition failed: waiting for visibility of Proxy element for: DefaultElementLocator 'By.xpath: //input[@name = 'username']' (tried for 10 second(s) with 500 milliseconds interval)
	at org.openqa.selenium.support.ui.WebDriverWait.timeoutException(WebDriverWait.java:84)
	at org.openqa.selenium.support.ui.FluentWait.until(FluentWait.java:230)
	at model.page.LoginPage.fillInValidUserName(LoginPage.java:53)
	at runner.LoginTest.testLoginWithValidCredentials(LoginTest.java:14)
	at java.base/jdk.internal.reflect.DirectMethodHandleAccessor.invoke(DirectMethodHandleAccessor.java:104)
	at java.base/java.lang.reflect.Method.invoke(Method.java:578)
	at org.testng.internal.invokers.MethodInvocationHelper.invokeMethod(MethodInvocationHelper.java:139)
	at org.testng.internal.invokers.TestInvoker.invokeMethod(TestInvoker.java:677)
	at org.testng.internal.invokers.TestInvoker.invokeTestMethod(TestInvoker.java:221)
	at org.testng.internal.invokers.MethodRunner.runInSequence(MethodRunner.java:50)
	at org.testng.internal.invokers.TestInvoker$MethodInvocationAgent.invoke(TestInvoker.java:969)
	at org.testng.internal.invokers.TestInvoker.invokeTestMethods(TestInvoker.java:194)
	at org.testng.internal.invokers.TestMethodWorker.invokeTestMethods(TestMethodWorker.java:148)
	at org.testng.internal.invokers.TestMethodWorker.run(TestMethodWorker.java:128)
	at java.base/java.util.concurrent.ThreadPoolExecutor.runWorker(ThreadPoolExecutor.java:1144)
	at java.base/java.util.concurrent.ThreadPoolExecutor$Worker.run(ThreadPoolExecutor.java:642)
	at java.base/java.lang.Thread.run(Thread.java:1589)
Caused by: org.openqa.selenium.NoSuchElementException: no such element: Unable to locate element: {"method":"xpath","selector":"//input[@name = 'username']"}
  (Session info: headless chrome=118.0.5993.70)
For documentation on this error, please visit: https://www.selenium.dev/documentation/webdriver/troubleshooting/errors#no-such-element-exception
Build info: version: '4.14.1', revision: '03f8ede370'
System info: os.name: 'Mac OS X', os.arch: 'x86_64', os.version: '14.0', java.version: '19.0.2'
Driver info: org.openqa.selenium.chrome.ChromeDriver
Command: [6a65bde2f06fca7720ded56392b705c0, findElement {using=xpath, value=//input[@name = 'username']}]
Capabilities {acceptInsecureCerts: false, browserName: chrome, browserVersion: 118.0.5993.70, chrome: {chromedriverVersion: 118.0.5993.70 (e52f33f30b91..., userDataDir: /var/folders/_p/m636hhn95hb...}, fedcm:accounts: true, goog:chromeOptions: {debuggerAddress: localhost:50700}, networkConnectionEnabled: false, pageLoadStrategy: normal, platformName: mac, proxy: Proxy(), se:cdp: ws://localhost:50700/devtoo..., se:cdpVersion: 118.0.5993.70, setWindowRect: true, strictFileInteractability: false, timeouts: {implicit: 0, pageLoad: 300000, script: 30000}, unhandledPromptBehavior: dismiss and notify, webauthn:extension:credBlob: true, webauthn:extension:largeBlob: true, webauthn:extension:minPinLength: true, webauthn:extension:prf: true, webauthn:virtualAuthenticators: true}
Session ID: 6a65bde2f06fca7720ded56392b705c0
	at java.base/jdk.internal.reflect.DirectConstructorHandleAccessor.newInstance(DirectConstructorHandleAccessor.java:67)
	at java.base/java.lang.reflect.Constructor.newInstanceWithCaller(Constructor.java:500)
	at java.base/java.lang.reflect.Constructor.newInstance(Constructor.java:484)
	at org.openqa.selenium.remote.codec.w3c.W3CHttpResponseCodec.createException(W3CHttpResponseCodec.java:200)
	at org.openqa.selenium.remote.codec.w3c.W3CHttpResponseCodec.decode(W3CHttpResponseCodec.java:133)
	at org.openqa.selenium.remote.codec.w3c.W3CHttpResponseCodec.decode(W3CHttpResponseCodec.java:52)
	at org.openqa.selenium.remote.HttpCommandExecutor.execute(HttpCommandExecutor.java:191)
	at org.openqa.selenium.remote.service.DriverCommandExecutor.invokeExecute(DriverCommandExecutor.java:200)
	at org.openqa.selenium.remote.service.DriverCommandExecutor.execute(DriverCommandExecutor.java:175)
	at org.openqa.selenium.remote.RemoteWebDriver.execute(RemoteWebDriver.java:602)
	at org.openqa.selenium.remote.ElementLocation$ElementFinder$2.findElement(ElementLocation.java:165)
	at org.openqa.selenium.remote.ElementLocation.findElement(ElementLocation.java:59)
	at org.openqa.selenium.remote.RemoteWebDriver.findElement(RemoteWebDriver.java:359)
	at org.openqa.selenium.remote.RemoteWebDriver.findElement(RemoteWebDriver.java:353)
	at org.openqa.selenium.support.pagefactory.DefaultElementLocator.findElement(DefaultElementLocator.java:68)
	at org.openqa.selenium.support.pagefactory.internal.LocatingElementHandler.invoke(LocatingElementHandler.java:38)
	at jdk.proxy2/jdk.proxy2.$Proxy16.isDisplayed(Unknown Source)
	at org.openqa.selenium.support.ui.ExpectedConditions.elementIfVisible(ExpectedConditions.java:304)
	at org.openqa.selenium.support.ui.ExpectedConditions$10.apply(ExpectedConditions.java:290)
	at org.openqa.selenium.support.ui.ExpectedConditions$10.apply(ExpectedConditions.java:287)
	at org.openqa.selenium.support.ui.FluentWait.until(FluentWait.java:205)
	... 15 more
]]></failure>
    <system-out><![CDATA[runner.PimTest@544d57ecloseDriver
]]></system-out>
  </testcase>
  <testcase name="testLoginWithInvalidUsername" classname="runner.LoginTest" time="29.916">
    <system-out><![CDATA[runner.LoginTest@1787bc24openSite
]]></system-out>
  </testcase>
  <testcase name="testLoginWithInvalidPassword" classname="runner.LoginTest" time="4.479">
    <system-out><![CDATA[runner.LoginTest@1787bc24openSite
]]></system-out>
  </testcase>
  <testcase name="testLoginWithoutFillingInUserNameAndPasswordFields" classname="runner.LoginTest" time="1.967">
    <system-out><![CDATA[runner.LoginTest@1787bc24openSite
]]></system-out>
  </testcase>
  <testcase name="testForgotYourPassword" classname="runner.LoginTest" time="3.58">
    <system-out><![CDATA[runner.LoginTest@1787bc24openSite
]]></system-out>
  </testcase>
  <testcase name="testTransitionToLinkedinPage" classname="runner.LoginTest" time="15.471">
    <system-out><![CDATA[runner.LeaveTest@55c53a33closeDriver
]]></system-out>
  </testcase>
  <testcase name="testTransitionToFacebookPage" classname="runner.LoginTest" time="2.867">
    <system-out><![CDATA[runner.DashboardTest@4e07b95fopenSite
]]></system-out>
  </testcase>
  <testcase name="testTransitionToTwitterPage" classname="runner.LoginTest" time="3.008">
    <system-out><![CDATA[runner.LoginTest@1787bc24openSite
]]></system-out>
  </testcase>
  <testcase name="testTransitionToYoutubePage" classname="runner.LoginTest" time="2.328">
    <system-out><![CDATA[runner.DashboardTest@4e07b95fopenSite
]]></system-out>
  </testcase>
  <testcase name="testDashboardSheetsNames[Time at Work](1)" classname="runner.DashboardTest" time="1.991">
    <system-out><![CDATA[runner.LoginTest@1787bc24openSite
]]></system-out>
  </testcase>
  <testcase name="testDashboardSheetsNames[My Actions](2)" classname="runner.DashboardTest" time="16.07"/>
  <testcase name="testDashboardSheetsNames[Quick Launch](3)" classname="runner.DashboardTest" time="8.589">
    <system-out><![CDATA[runner.LoginTest@1787bc24openSite
runner.DashboardTest@4e07b95fopenSite
]]></system-out>
  </testcase>
  <testcase name="testDashboardSheetsNames[Employee Distribution by Sub Unit](4)" classname="runner.DashboardTest" time="1.617">
    <system-out><![CDATA[runner.LoginTest@1787bc24openSite
]]></system-out>
  </testcase>
  <testcase name="testDashboardSheetsNames[Buzz Latest Posts](5)" classname="runner.DashboardTest" time="11.149">
    <system-out><![CDATA[runner.DashboardTest@4e07b95fopenSite
]]></system-out>
  </testcase>
  <testcase name="testDashboardSheetsNames[Employees on Leave Today](6)" classname="runner.DashboardTest" time="10.207">
    <system-out><![CDATA[runner.DashboardTest@4e07b95fopenSite
]]></system-out>
  </testcase>
  <testcase name="testDashboardSheetsNames[Employee Distribution by Location](7)" classname="runner.DashboardTest" time="5.138">
    <system-out><![CDATA[runner.LoginTest@1787bc24closeDriver
]]></system-out>
  </testcase>
  <testcase name="testQuestionIcon" classname="runner.DashboardTest" time="12.399">
    <system-out><![CDATA[runner.DashboardTest@4e07b95fopenSite
]]></system-out>
  </testcase>
  <testcase name="testOrangeLinkInFooter" classname="runner.DashboardTest" time="35.471">
    <system-out><![CDATA[runner.DashboardTest@4e07b95fopenSite
]]></system-out>
  </testcase>
  <testcase name="testSearchInSidebarMenu[a](1)" classname="runner.DashboardTest" time="8.591">
    <system-out><![CDATA[runner.DashboardTest@4e07b95fopenSite
]]></system-out>
  </testcase>
  <testcase name="testSearchInSidebarMenu[m](2)" classname="runner.DashboardTest" time="8.919">
    <system-out><![CDATA[runner.DashboardTest@4e07b95fopenSite
]]></system-out>
  </testcase>
  <testcase name="testSearchInSidebarMenu[o](3)" classname="runner.DashboardTest" time="7.11">
    <system-out><![CDATA[runner.DashboardTest@4e07b95fopenSite
]]></system-out>
  </testcase>
  <testcase name="testTransitionToAdminPage" classname="runner.DashboardTest" time="13.812">
    <system-out><![CDATA[runner.DashboardTest@4e07b95fopenSite
]]></system-out>
  </testcase>
  <testcase name="testTransitionToPIMpage" classname="runner.DashboardTest" time="8.562">
    <system-out><![CDATA[runner.DashboardTest@4e07b95fopenSite
]]></system-out>
  </testcase>
  <testcase name="testTransitionToLeavePage" classname="runner.DashboardTest" time="12.748">
    <system-out><![CDATA[runner.DashboardTest@4e07b95fopenSite
]]></system-out>
  </testcase>
  <testcase name="testTransitionToTimePage" classname="runner.DashboardTest" time="6.639">
    <system-out><![CDATA[runner.DashboardTest@4e07b95fopenSite
]]></system-out>
  </testcase>
  <testcase name="testTransitionToRecruitmentPage" classname="runner.DashboardTest" time="7.692">
    <system-out><![CDATA[runner.DashboardTest@4e07b95fopenSite
]]></system-out>
  </testcase>
  <testcase name="testTransitionToMyInfoPage" classname="runner.DashboardTest" time="12.206">
    <system-out><![CDATA[runner.DashboardTest@4e07b95fopenSite
]]></system-out>
  </testcase>
  <testcase name="testTransitionToPerformancePage" classname="runner.DashboardTest" time="8.829">
    <system-out><![CDATA[runner.DashboardTest@4e07b95fopenSite
]]></system-out>
  </testcase>
  <testcase name="testTransitionToDashboardPage" classname="runner.DashboardTest" time="6.036">
    <system-out><![CDATA[runner.DashboardTest@4e07b95fopenSite
]]></system-out>
  </testcase>
  <testcase name="testTransitionToDirectoryPage" classname="runner.DashboardTest" time="6.765">
    <system-out><![CDATA[runner.DashboardTest@4e07b95fopenSite
]]></system-out>
  </testcase>
  <testcase name="testTransitionToMaintenancePage" classname="runner.DashboardTest" time="7.914">
    <system-out><![CDATA[runner.DashboardTest@4e07b95fopenSite
]]></system-out>
  </testcase>
  <testcase name="testTransitionToClaimPage" classname="runner.DashboardTest" time="10.595">
    <system-out><![CDATA[runner.DashboardTest@4e07b95fopenSite
]]></system-out>
  </testcase>
  <testcase name="testTransitionToBuzzPage" classname="runner.DashboardTest" time="12.86">
    <system-out><![CDATA[runner.DashboardTest@4e07b95fopenSite
]]></system-out>
  </testcase>
  <testcase name="testRenameHoliday" classname="runner.LeaveTest" time="6.884">
    <failure message="Expected condition failed: waiting for visibility of Proxy element for: DefaultElementLocator &apos;By.xpath: //span[text() = &apos;Configure &apos;]&apos; (tried for 10 second(s) with 500 milliseconds interval)" type="org.openqa.selenium.TimeoutException"><![CDATA[org.openqa.selenium.TimeoutException: Expected condition failed: waiting for visibility of Proxy element for: DefaultElementLocator 'By.xpath: //span[text() = 'Configure ']' (tried for 10 second(s) with 500 milliseconds interval)
	at org.openqa.selenium.support.ui.WebDriverWait.timeoutException(WebDriverWait.java:84)
	at org.openqa.selenium.support.ui.FluentWait.until(FluentWait.java:230)
	at model.page.LeavePage.clickConfigureTab(LeavePage.java:51)
	at runner.LeaveTest.testRenameHoliday(LeaveTest.java:18)
	at java.base/jdk.internal.reflect.DirectMethodHandleAccessor.invoke(DirectMethodHandleAccessor.java:104)
	at java.base/java.lang.reflect.Method.invoke(Method.java:578)
	at org.testng.internal.invokers.MethodInvocationHelper.invokeMethod(MethodInvocationHelper.java:139)
	at org.testng.internal.invokers.TestInvoker.invokeMethod(TestInvoker.java:677)
	at org.testng.internal.invokers.TestInvoker.invokeTestMethod(TestInvoker.java:221)
	at org.testng.internal.invokers.MethodRunner.runInSequence(MethodRunner.java:50)
	at org.testng.internal.invokers.TestInvoker$MethodInvocationAgent.invoke(TestInvoker.java:969)
	at org.testng.internal.invokers.TestInvoker.invokeTestMethods(TestInvoker.java:194)
	at org.testng.internal.invokers.TestMethodWorker.invokeTestMethods(TestMethodWorker.java:148)
	at org.testng.internal.invokers.TestMethodWorker.run(TestMethodWorker.java:128)
	at java.base/java.util.concurrent.ThreadPoolExecutor.runWorker(ThreadPoolExecutor.java:1144)
	at java.base/java.util.concurrent.ThreadPoolExecutor$Worker.run(ThreadPoolExecutor.java:642)
	at java.base/java.lang.Thread.run(Thread.java:1589)
Caused by: org.openqa.selenium.NoSuchElementException: no such element: Unable to locate element: {"method":"xpath","selector":"//span[text() = 'Configure ']"}
  (Session info: headless chrome=118.0.5993.70)
For documentation on this error, please visit: https://www.selenium.dev/documentation/webdriver/troubleshooting/errors#no-such-element-exception
Build info: version: '4.14.1', revision: '03f8ede370'
System info: os.name: 'Mac OS X', os.arch: 'x86_64', os.version: '14.0', java.version: '19.0.2'
Driver info: org.openqa.selenium.chrome.ChromeDriver
Command: [25fbf34e25bbda95dde032cff5d74273, findElement {using=xpath, value=//span[text() = 'Configure ']}]
Capabilities {acceptInsecureCerts: false, browserName: chrome, browserVersion: 118.0.5993.70, chrome: {chromedriverVersion: 118.0.5993.70 (e52f33f30b91..., userDataDir: /var/folders/_p/m636hhn95hb...}, fedcm:accounts: true, goog:chromeOptions: {debuggerAddress: localhost:50701}, networkConnectionEnabled: false, pageLoadStrategy: normal, platformName: mac, proxy: Proxy(), se:cdp: ws://localhost:50701/devtoo..., se:cdpVersion: 118.0.5993.70, setWindowRect: true, strictFileInteractability: false, timeouts: {implicit: 0, pageLoad: 300000, script: 30000}, unhandledPromptBehavior: dismiss and notify, webauthn:extension:credBlob: true, webauthn:extension:largeBlob: true, webauthn:extension:minPinLength: true, webauthn:extension:prf: true, webauthn:virtualAuthenticators: true}
Session ID: 25fbf34e25bbda95dde032cff5d74273
	at java.base/jdk.internal.reflect.DirectConstructorHandleAccessor.newInstance(DirectConstructorHandleAccessor.java:67)
	at java.base/java.lang.reflect.Constructor.newInstanceWithCaller(Constructor.java:500)
	at java.base/java.lang.reflect.Constructor.newInstance(Constructor.java:484)
	at org.openqa.selenium.remote.codec.w3c.W3CHttpResponseCodec.createException(W3CHttpResponseCodec.java:200)
	at org.openqa.selenium.remote.codec.w3c.W3CHttpResponseCodec.decode(W3CHttpResponseCodec.java:133)
	at org.openqa.selenium.remote.codec.w3c.W3CHttpResponseCodec.decode(W3CHttpResponseCodec.java:52)
	at org.openqa.selenium.remote.HttpCommandExecutor.execute(HttpCommandExecutor.java:191)
	at org.openqa.selenium.remote.service.DriverCommandExecutor.invokeExecute(DriverCommandExecutor.java:200)
	at org.openqa.selenium.remote.service.DriverCommandExecutor.execute(DriverCommandExecutor.java:175)
	at org.openqa.selenium.remote.RemoteWebDriver.execute(RemoteWebDriver.java:602)
	at org.openqa.selenium.remote.ElementLocation$ElementFinder$2.findElement(ElementLocation.java:165)
	at org.openqa.selenium.remote.ElementLocation.findElement(ElementLocation.java:59)
	at org.openqa.selenium.remote.RemoteWebDriver.findElement(RemoteWebDriver.java:359)
	at org.openqa.selenium.remote.RemoteWebDriver.findElement(RemoteWebDriver.java:353)
	at org.openqa.selenium.support.pagefactory.DefaultElementLocator.findElement(DefaultElementLocator.java:68)
	at org.openqa.selenium.support.pagefactory.internal.LocatingElementHandler.invoke(LocatingElementHandler.java:38)
	at jdk.proxy2/jdk.proxy2.$Proxy16.isDisplayed(Unknown Source)
	at org.openqa.selenium.support.ui.ExpectedConditions.elementIfVisible(ExpectedConditions.java:304)
	at org.openqa.selenium.support.ui.ExpectedConditions$10.apply(ExpectedConditions.java:290)
	at org.openqa.selenium.support.ui.ExpectedConditions$10.apply(ExpectedConditions.java:287)
	at org.openqa.selenium.support.ui.FluentWait.until(FluentWait.java:205)
	... 15 more
]]></failure>
    <system-out><![CDATA[runner.DashboardTest@4e07b95fopenSite
]]></system-out>
  </testcase>
</testsuite>