<?xml version="1.0" encoding="UTF-8"?>
<testsuite xmlns:xsi="http://www.w3.org/2001/XMLSchema-instance" xsi:noNamespaceSchemaLocation="https://maven.apache.org/surefire/maven-surefire-plugin/xsd/surefire-test-report-3.0.xsd" version="3.0" name="TestSuite" time="67.812" tests="1" errors="0" skipped="0" failures="1">
  <properties>
[...]
</properties>
  <testcase name="testToggles" classname="runner.TimeTest" time="45.787">
    <failure message="expected [true] but found [false]" type="java.lang.AssertionError"><![CDATA[java.lang.AssertionError: expected [true] but found [false]
	at org.testng.Assert.fail(Assert.java:110)
	at org.testng.Assert.failNotEquals(Assert.java:1577)
	at org.testng.Assert.assertTrue(Assert.java:56)
	at org.testng.Assert.assertTrue(Assert.java:66)
	at runner.TimeTest.testToggles(TimeTest.java:23)
	at java.base/jdk.internal.reflect.DirectMethodHandleAccessor.invoke(DirectMethodHandleAccessor.java:104)
	at java.base/java.lang.reflect.Method.invoke(Method.java:578)
	at org.testng.internal.invokers.MethodInvocationHelper.invokeMethod(MethodInvocationHelper.java:139)
	at org.testng.internal.invokers.TestInvoker.invokeMethod(TestInvoker.java:677)
	at org.testng.internal.invokers.TestInvoker.invokeTestMethod(TestInvoker.java:221)
	at org.testng.internal.invokers.MethodRunner.runInSequence(MethodRunner.java:50)
	at org.testng.internal.invokers.TestInvoker$MethodInvocationAgent.invoke(TestInvoker.java:969)
	at org.testng.internal.invokers.TestInvoker.invokeTestMethods(TestInvoker.java:194)
	at org.testng.internal.invokers.TestMethodWorker.invokeTestMethods(TestMethodWorker.java:148)
	at org.testng.internal.invokers.TestMethodWorker.run(TestMethodWorker.java:128)
	at java.base/java.util.concurrent.ThreadPoolExecutor.runWorker(ThreadPoolExecutor.java:1144)
	at java.base/java.util.concurrent.ThreadPoolExecutor$Worker.run(ThreadPoolExecutor.java:642)
	at java.base/java.lang.Thread.run(Thread.java:1589)
]]></failure>
    <system-out><![CDATA[0    [main] DEBUG org.testng.TestNG  - suiteXmlPath: "/Users/ruslanfursa/IdeaProjects/Orange/src/test/resources/testng.xml"
927  [main] INFO  org.testng.internal.Utils  - [Utils] MethodGroupsHelper.collectMethodsByGroup() took 0 ms.
934  [main] INFO  org.testng.internal.Utils  - [Utils] MethodGroupsHelper.sortMethods() took 1 ms.
941  [main] INFO  org.testng.internal.Utils  - [Utils] MethodGroupsHelper.collectMethodsByGroup() took 0 ms.
942  [main] INFO  org.testng.internal.Utils  - [Utils] MethodGroupsHelper.sortMethods() took 0 ms.
943  [main] INFO  org.testng.internal.Utils  - [Utils] MethodGroupsHelper.collectMethodsByGroup() took 0 ms.
943  [main] INFO  org.testng.internal.Utils  - [Utils] MethodGroupsHelper.sortMethods() took 0 ms.
944  [main] INFO  org.testng.internal.Utils  - [Utils] MethodGroupsHelper.collectMethodsByGroup() took 0 ms.
944  [main] INFO  org.testng.internal.Utils  - [Utils] MethodGroupsHelper.sortMethods() took 0 ms.
950  [main] INFO  org.testng.internal.Utils  - [Utils] MethodGroupsHelper.collectMethodsByGroup() took 4 ms.
971  [main] INFO  org.testng.internal.Utils  - [Utils] MethodGroupsHelper.sortMethods() took 20 ms.
977  [main] INFO  org.testng.internal.Utils  - [Utils] MethodGroupsHelper.collectMethodsByGroup() took 0 ms.
979  [main] INFO  org.testng.internal.Utils  - [Utils] MethodGroupsHelper.sortMethods() took 0 ms.
980  [main] INFO  org.testng.internal.Utils  - [Utils] MethodGroupsHelper.collectMethodsByGroup() took 0 ms.
980  [main] INFO  org.testng.internal.Utils  - [Utils] MethodGroupsHelper.sortMethods() took 0 ms.
981  [main] INFO  org.testng.internal.Utils  - [Utils] MethodGroupsHelper.collectMethodsByGroup() took 0 ms.
981  [main] INFO  org.testng.internal.Utils  - [Utils] MethodGroupsHelper.sortMethods() took 0 ms.
985  [main] INFO  org.testng.internal.Utils  - [Utils] MethodGroupsHelper.collectMethodsByGroup() took 0 ms.
988  [main] INFO  org.testng.internal.Utils  - [Utils] MethodGroupsHelper.sortMethods() took 0 ms.
989  [main] INFO  org.testng.internal.Utils  - [Utils] MethodGroupsHelper.collectMethodsByGroup() took 0 ms.
990  [main] INFO  org.testng.internal.Utils  - [Utils] MethodGroupsHelper.sortMethods() took 0 ms.
1003 [main] INFO  org.testng.internal.Utils  - [Utils] MethodGroupsHelper.collectMethodsByGroup() took 0 ms.
1003 [main] INFO  org.testng.internal.Utils  - [Utils] MethodGroupsHelper.sortMethods() took 0 ms.
1010 [main] INFO  org.testng.internal.Utils  - [Utils] MethodGroupsHelper.collectMethodsByGroup() took 0 ms.
1010 [main] INFO  org.testng.internal.Utils  - [Utils] MethodGroupsHelper.sortMethods() took 0 ms.
1011 [main] INFO  org.testng.internal.Utils  - [Utils] MethodGroupsHelper.collectMethodsByGroup() took 0 ms.
1012 [main] INFO  org.testng.internal.Utils  - [Utils] MethodGroupsHelper.sortMethods() took 0 ms.
1012 [main] INFO  org.testng.internal.Utils  - [Utils] MethodGroupsHelper.collectMethodsByGroup() took 0 ms.
1012 [main] INFO  org.testng.internal.Utils  - [Utils] MethodGroupsHelper.sortMethods() took 0 ms.
1013 [main] INFO  org.testng.internal.Utils  - [Utils] MethodGroupsHelper.collectMethodsByGroup() took 0 ms.
1015 [main] INFO  org.testng.internal.Utils  - [Utils] MethodGroupsHelper.sortMethods() took 1 ms.
1018 [main] INFO  org.testng.internal.Utils  - [Utils] MethodGroupsHelper.collectMethodsByGroup() took 0 ms.
1018 [main] INFO  org.testng.internal.Utils  - [Utils] MethodGroupsHelper.sortMethods() took 0 ms.
1018 [main] INFO  org.testng.internal.Utils  - [Utils] MethodGroupsHelper.collectMethodsByGroup() took 0 ms.
1019 [main] INFO  org.testng.internal.Utils  - [Utils] MethodGroupsHelper.sortMethods() took 0 ms.
1019 [main] INFO  org.testng.internal.Utils  - [Utils] MethodGroupsHelper.collectMethodsByGroup() took 0 ms.
1019 [main] INFO  org.testng.internal.Utils  - [Utils] MethodGroupsHelper.sortMethods() took 0 ms.
1020 [main] INFO  org.testng.internal.Utils  - [Utils] MethodGroupsHelper.collectMethodsByGroup() took 0 ms.
1020 [main] INFO  org.testng.internal.Utils  - [Utils] MethodGroupsHelper.sortMethods() took 0 ms.
1020 [main] INFO  org.testng.internal.Utils  - [Utils] MethodGroupsHelper.collectMethodsByGroup() took 0 ms.
1021 [main] INFO  org.testng.internal.Utils  - [Utils] MethodGroupsHelper.sortMethods() took 0 ms.
1034 [main] INFO  org.testng.internal.Utils  - [Utils] MethodGroupsHelper.collectMethodsByGroup() took 0 ms.
1034 [main] INFO  org.testng.internal.Utils  - [Utils] MethodGroupsHelper.sortMethods() took 0 ms.
1035 [main] INFO  org.testng.internal.Utils  - [Utils] MethodGroupsHelper.collectMethodsByGroup() took 0 ms.
1037 [main] INFO  org.testng.internal.Utils  - [Utils] MethodGroupsHelper.sortMethods() took 0 ms.
1038 [main] INFO  org.testng.internal.Utils  - [Utils] MethodGroupsHelper.collectMethodsByGroup() took 0 ms.
1038 [main] INFO  org.testng.internal.Utils  - [Utils] MethodGroupsHelper.sortMethods() took 0 ms.
1038 [main] INFO  org.testng.internal.Utils  - [Utils] MethodGroupsHelper.collectMethodsByGroup() took 0 ms.
1038 [main] INFO  org.testng.internal.Utils  - [Utils] MethodGroupsHelper.sortMethods() took 0 ms.
1041 [main] INFO  org.testng.internal.Utils  - [Utils] MethodGroupsHelper.collectMethodsByGroup() took 0 ms.
1042 [main] INFO  org.testng.internal.Utils  - [Utils] MethodGroupsHelper.sortMethods() took 0 ms.
1043 [main] INFO  org.testng.internal.Utils  - [Utils] MethodGroupsHelper.collectMethodsByGroup() took 0 ms.
1044 [main] INFO  org.testng.internal.Utils  - [Utils] MethodGroupsHelper.sortMethods() took 0 ms.
1045 [main] INFO  org.testng.internal.Utils  - [Utils] MethodGroupsHelper.collectMethodsByGroup() took 0 ms.
1045 [main] INFO  org.testng.internal.Utils  - [Utils] MethodGroupsHelper.sortMethods() took 0 ms.
1047 [main] INFO  org.testng.internal.Utils  - [Utils] MethodGroupsHelper.collectMethodsByGroup() took 0 ms.
1047 [main] INFO  org.testng.internal.Utils  - [Utils] MethodGroupsHelper.sortMethods() took 0 ms.
1049 [main] INFO  org.testng.internal.Utils  - [Utils] MethodGroupsHelper.collectMethodsByGroup() took 0 ms.
1049 [main] INFO  org.testng.internal.Utils  - [Utils] MethodGroupsHelper.sortMethods() took 0 ms.
1050 [main] INFO  org.testng.internal.Utils  - [Utils] MethodGroupsHelper.collectMethodsByGroup() took 0 ms.
1050 [main] INFO  org.testng.internal.Utils  - [Utils] MethodGroupsHelper.sortMethods() took 0 ms.
1053 [main] INFO  org.testng.internal.Utils  - [Utils] MethodGroupsHelper.collectMethodsByGroup() took 0 ms.
1053 [main] INFO  org.testng.internal.Utils  - [Utils] MethodGroupsHelper.sortMethods() took 0 ms.
1054 [main] INFO  org.testng.internal.Utils  - [Utils] MethodGroupsHelper.collectMethodsByGroup() took 0 ms.
1055 [main] INFO  org.testng.internal.Utils  - [Utils] MethodGroupsHelper.sortMethods() took 0 ms.
1055 [main] INFO  org.testng.internal.Utils  - [Utils] MethodGroupsHelper.collectMethodsByGroup() took 0 ms.
1055 [main] INFO  org.testng.internal.Utils  - [Utils] MethodGroupsHelper.sortMethods() took 0 ms.
1056 [main] INFO  org.testng.internal.Utils  - [Utils] MethodGroupsHelper.collectMethodsByGroup() took 0 ms.
1056 [main] INFO  org.testng.internal.Utils  - [Utils] MethodGroupsHelper.sortMethods() took 0 ms.
1057 [main] INFO  org.testng.internal.Utils  - [Utils] MethodGroupsHelper.collectMethodsByGroup() took 0 ms.
1057 [main] INFO  org.testng.internal.Utils  - [Utils] MethodGroupsHelper.sortMethods() took 0 ms.
1058 [main] INFO  org.testng.internal.Utils  - [Utils] MethodGroupsHelper.collectMethodsByGroup() took 0 ms.
1058 [main] INFO  org.testng.internal.Utils  - [Utils] MethodGroupsHelper.sortMethods() took 0 ms.
1060 [main] INFO  org.testng.internal.Utils  - [Utils] MethodGroupsHelper.collectMethodsByGroup() took 0 ms.
1060 [main] INFO  org.testng.internal.Utils  - [Utils] MethodGroupsHelper.sortMethods() took 0 ms.
1060 [main] INFO  org.testng.internal.Utils  - [Utils] MethodGroupsHelper.collectMethodsByGroup() took 0 ms.
1060 [main] INFO  org.testng.internal.Utils  - [Utils] MethodGroupsHelper.sortMethods() took 0 ms.
1061 [main] INFO  org.testng.internal.Utils  - [Utils] MethodGroupsHelper.collectMethodsByGroup() took 0 ms.
1062 [main] INFO  org.testng.internal.Utils  - [Utils] MethodGroupsHelper.sortMethods() took 0 ms.
1070 [main] INFO  org.testng.internal.Utils  - [Utils] MethodGroupsHelper.collectMethodsByGroup() took 0 ms.
1070 [main] INFO  org.testng.internal.Utils  - [Utils] MethodGroupsHelper.sortMethods() took 0 ms.
1072 [main] INFO  org.testng.internal.Utils  - [Utils] MethodGroupsHelper.collectMethodsByGroup() took 0 ms.
1072 [main] INFO  org.testng.internal.Utils  - [Utils] MethodGroupsHelper.sortMethods() took 0 ms.
1073 [main] INFO  org.testng.internal.Utils  - [Utils] MethodGroupsHelper.collectMethodsByGroup() took 0 ms.
1073 [main] INFO  org.testng.internal.Utils  - [Utils] MethodGroupsHelper.sortMethods() took 0 ms.
1073 [main] INFO  org.testng.internal.Utils  - [Utils] MethodGroupsHelper.collectMethodsByGroup() took 0 ms.
1073 [main] INFO  org.testng.internal.Utils  - [Utils] MethodGroupsHelper.sortMethods() took 0 ms.
1074 [main] INFO  org.testng.internal.Utils  - [Utils] MethodGroupsHelper.collectMethodsByGroup() took 0 ms.
1074 [main] INFO  org.testng.internal.Utils  - [Utils] MethodGroupsHelper.sortMethods() took 0 ms.
1076 [main] INFO  org.testng.internal.Utils  - [Utils] MethodGroupsHelper.collectMethodsByGroup() took 0 ms.
1076 [main] INFO  org.testng.internal.Utils  - [Utils] MethodGroupsHelper.sortMethods() took 0 ms.
1077 [main] INFO  org.testng.internal.Utils  - [Utils] MethodGroupsHelper.collectMethodsByGroup() took 0 ms.
1077 [main] INFO  org.testng.internal.Utils  - [Utils] MethodGroupsHelper.sortMethods() took 0 ms.
1078 [main] INFO  org.testng.internal.Utils  - [Utils] MethodGroupsHelper.collectMethodsByGroup() took 0 ms.
1078 [main] INFO  org.testng.internal.Utils  - [Utils] MethodGroupsHelper.sortMethods() took 0 ms.
1078 [main] INFO  org.testng.internal.Utils  - [Utils] MethodGroupsHelper.collectMethodsByGroup() took 0 ms.
1078 [main] INFO  org.testng.internal.Utils  - [Utils] MethodGroupsHelper.sortMethods() took 0 ms.
1079 [main] INFO  org.testng.internal.Utils  - [Utils] MethodGroupsHelper.collectMethodsByGroup() took 0 ms.
1079 [main] INFO  org.testng.internal.Utils  - [Utils] MethodGroupsHelper.sortMethods() took 0 ms.
1080 [main] INFO  org.testng.internal.Utils  - [Utils] MethodGroupsHelper.collectMethodsByGroup() took 0 ms.
1080 [main] INFO  org.testng.internal.Utils  - [Utils] MethodGroupsHelper.sortMethods() took 0 ms.
1091 [main] INFO  org.testng.internal.Utils  - [Utils] MethodGroupsHelper.collectMethodsByGroup() took 0 ms.
1092 [main] INFO  org.testng.internal.Utils  - [Utils] MethodGroupsHelper.sortMethods() took 0 ms.
1092 [main] INFO  org.testng.internal.Utils  - [Utils] MethodGroupsHelper.collectMethodsByGroup() took 0 ms.
1092 [main] INFO  org.testng.internal.Utils  - [Utils] MethodGroupsHelper.sortMethods() took 0 ms.
1098 [main] INFO  org.testng.internal.Utils  - [Utils] MethodGroupsHelper.collectMethodsByGroup() took 4 ms.
1100 [main] INFO  org.testng.internal.Utils  - [Utils] MethodGroupsHelper.sortMethods() took 1 ms.
1102 [main] INFO  org.testng.internal.Utils  - [Utils] MethodGroupsHelper.collectMethodsByGroup() took 0 ms.
1103 [main] INFO  org.testng.internal.Utils  - [Utils] MethodGroupsHelper.sortMethods() took 0 ms.
1103 [main] INFO  org.testng.internal.Utils  - [Utils] MethodGroupsHelper.collectMethodsByGroup() took 0 ms.
1103 [main] INFO  org.testng.internal.Utils  - [Utils] MethodGroupsHelper.sortMethods() took 0 ms.
1508 [main] INFO  org.testng.internal.Utils  - [Utils] DynamicGraphHelper.createDynamicGraph() took 9 ms.
1519 [main] INFO  org.testng.internal.Utils  - [TestRunner] Starting executor for test /Users/ruslanfursa/IdeaProjects/Orange with time out:2147483647 milliseconds.
init runner.TimeTest@38145825
openSite runner.TimeTest@38145825
]]></system-out>
  </testcase>
</testsuite>